
***** May be have lost trace info, sequence are not correlatives
          0| [  1] | FWK | SIG        : sig=0, nm=A
          0| [  2] | FWK | SIG        : sig=1, nm=B
          0| [  3] | FWK | SIG        : sig=2, nm=C
          0| [  4] | FWK | SIG        : sig=3, nm=D
          0| [  5] | FWK | SIG        : sig=4, nm=E
          0| [  6] | FWK | SIG        : sig=5, nm=F
          0| [  7] | FWK | AO         : obj=0x0064A400, nm=smTest
          0| [  8] | FWK | STATE      : ao=smTest, obj=0x00436F80, nm=waiting
          0| [  9] | FWK | STATE      : ao=smTest, obj=0x00437020, nm=s0
          0| [ 10] | FWK | STATE      : ao=smTest, obj=0x00437160, nm=s1
          0| [ 11] | FWK | STATE      : ao=smTest, obj=0x00437320, nm=s2
          0| [ 12] | FWK | STATE      : ao=smTest, obj=0x00437440, nm=s21
          0| [ 13] | FWK | STATE      : ao=smTest, obj=0x004375E0, nm=s22
          0| [ 14] | FWK | STATE      : ao=smTest, obj=0x004377A0, nm=s221
          0| [ 15] | FWK | STATE      : ao=smTest, obj=0x00437840, nm=s2211
          0| [ 16] | FWK | STATE      : ao=smTest, obj=0x004378C0, nm=s222
          0| [ 17] | FWK | STATE      : ao=smTest, obj=0x00437960, nm=s2221
          0| [ 18] | FWK | STATE      : ao=smTest, obj=0x00437A00, nm=s22211
          0| [ 19] | FWK | STATE      : ao=smTest, obj=0x00437B40, nm=s3
          0| [ 20] | FWK | STATE      : ao=smTest, obj=0x00437C60, nm=s31
          0| [ 21] | FWK | STATE      : ao=smTest, obj=0x00437D00, nm=s4
          0| [ 22] | FWK | STATE      : ao=smTest, obj=0x00437E40, nm=s5
          0| [ 23] | FWK | STATE      : ao=smTest, obj=0x00437280, nm=s2Final
          0| [ 24] | UT  | EXPECT     : (262), SM_INIT: ist=waiting
          0| [ 25] | UT  | EXPECT     : (264), SM_TRN: sst=waiting, tst=waiting
          0| [ 26] | UT  | EXPECT     : (265), SM_TS_STATE: st=waiting
          0| [ 27] | UT  | EXPECT     : (266), SM_ENSTATE: st=waiting
          0| [ 28] | UT  | EXPECT     : (269), SM_NENEX: nen=1, nex=0
          0| [ 29] | UT  | EXPECT     : (271), SM_STATE: nxtst=waiting
          0| [ 30] | UT  | EXPECT     : (272), SM_EVT_PROC:  
          0| [ 31] | SM  | INIT       : ao=smTest, ist=waiting
          0| [ 32] | SM  | TRN        : ao=smTest, sst=waiting, tst=waiting
          0| [ 33] | SM  | TS_STATE   : ao=smTest, st=waiting
          0| [ 34] | SM  | ENSTATE    : ao=smTest, st=waiting
          0| [ 35] | SM  | NENEX      : ao=smTest, nen=1, nex=0
          0| [ 36] | SM  | STATE      : ao=smTest, nxtst=waiting
          0| [ 37] | SM  | EVT_PROC   : ao=smTest
          0| [ 38] | UT  | VERIFY     : (175)
          0| [ 39] | UT  | CLEANUP    : (175)
          0| [ 40] | FWK | SIG        : sig=0, nm=A
          0| [ 41] | FWK | SIG        : sig=1, nm=B
          0| [ 42] | FWK | SIG        : sig=2, nm=C
          0| [ 43] | FWK | SIG        : sig=3, nm=D
          0| [ 44] | FWK | SIG        : sig=4, nm=E
          0| [ 45] | FWK | SIG        : sig=5, nm=F
          0| [ 46] | FWK | AO         : obj=0x0064A400, nm=smTest
          0| [ 47] | FWK | STATE      : ao=smTest, obj=0x00436F80, nm=waiting
          0| [ 48] | FWK | STATE      : ao=smTest, obj=0x00437020, nm=s0
          0| [ 49] | FWK | STATE      : ao=smTest, obj=0x00437160, nm=s1
          0| [ 50] | FWK | STATE      : ao=smTest, obj=0x00437320, nm=s2
          0| [ 51] | FWK | STATE      : ao=smTest, obj=0x00437440, nm=s21
          0| [ 52] | FWK | STATE      : ao=smTest, obj=0x004375E0, nm=s22
          0| [ 53] | FWK | STATE      : ao=smTest, obj=0x004377A0, nm=s221
          0| [ 54] | FWK | STATE      : ao=smTest, obj=0x00437840, nm=s2211
          0| [ 55] | FWK | STATE      : ao=smTest, obj=0x004378C0, nm=s222
          0| [ 56] | FWK | STATE      : ao=smTest, obj=0x00437960, nm=s2221
          0| [ 57] | FWK | STATE      : ao=smTest, obj=0x00437A00, nm=s22211
          0| [ 58] | FWK | STATE      : ao=smTest, obj=0x00437B40, nm=s3
          0| [ 59] | FWK | STATE      : ao=smTest, obj=0x00437C60, nm=s31
          0| [ 60] | FWK | STATE      : ao=smTest, obj=0x00437D00, nm=s4
          0| [ 61] | FWK | STATE      : ao=smTest, obj=0x00437E40, nm=s5
          0| [ 62] | FWK | STATE      : ao=smTest, obj=0x00437280, nm=s2Final
          0| [ 63] | UT  | EXPECT     : (262), SM_INIT: ist=waiting
          0| [ 64] | UT  | EXPECT     : (264), SM_TRN: sst=waiting, tst=waiting
          0| [ 65] | UT  | EXPECT     : (265), SM_TS_STATE: st=waiting
          0| [ 66] | UT  | EXPECT     : (266), SM_ENSTATE: st=waiting
          0| [ 67] | UT  | EXPECT     : (269), SM_NENEX: nen=1, nex=0
          0| [ 68] | UT  | EXPECT     : (271), SM_STATE: nxtst=waiting
          0| [ 69] | UT  | EXPECT     : (272), SM_EVT_PROC:  
          0| [ 70] | UT  | EXPECT     : (141), SM_DCH: sig=A, st=s0
          0| [ 71] | UT  | EXPECT     : (143), SM_TRN: sst=s0, tst=s1
          0| [ 72] | UT  | EXPECT     : (84), SM_TS_STATE: st=s1
          0| [ 73] | UT  | EXPECT     : (87), SM_EXSTATE: st=s0
          0| [ 74] | UT  | EXPECT     : (90), SM_ENSTATE: st=s1
          0| [ 75] | UT  | EXPECT     : (161), SM_NENEX: nen=1, nex=1
          0| [ 76] | UT  | EXPECT     : (163), SM_STATE: nxtst=s1
          0| [ 77] | UT  | EXPECT     : (165), SM_EVT_PROC:  
          0| [ 78] | SM  | INIT       : ao=smTest, ist=waiting
          0| [ 79] | SM  | TRN        : ao=smTest, sst=waiting, tst=waiting
          0| [ 80] | SM  | TS_STATE   : ao=smTest, st=waiting
          0| [ 81] | SM  | ENSTATE    : ao=smTest, st=waiting
          0| [ 82] | SM  | NENEX      : ao=smTest, nen=1, nex=0
          0| [ 83] | SM  | STATE      : ao=smTest, nxtst=waiting
          0| [ 84] | SM  | EVT_PROC   : ao=smTest
          0| [ 85] | SM  | DCH        : ao=smTest, sig=A, st=s0
          0| [ 86] | SM  | TRN        : ao=smTest, sst=s0, tst=s1
          0| [ 87] | SM  | TS_STATE   : ao=smTest, st=s1
          0| [ 88] | SM  | EXSTATE    : ao=smTest, st=s0
          0| [ 89] | SM  | ENSTATE    : ao=smTest, st=s1
          0| [ 90] | SM  | NENEX      : ao=smTest, nen=1, nex=1
          0| [ 91] | SM  | STATE      : ao=smTest, nxtst=s1
          0| [ 92] | SM  | EVT_PROC   : ao=smTest
          0| [ 93] | UT  | VERIFY     : (189)
          0| [ 94] | UT  | CLEANUP    : (189)
          0| [ 95] | FWK | SIG        : sig=0, nm=A
          0| [ 96] | FWK | SIG        : sig=1, nm=B
          0| [ 97] | FWK | SIG        : sig=2, nm=C
          0| [ 98] | FWK | SIG        : sig=3, nm=D
          0| [ 99] | FWK | SIG        : sig=4, nm=E
          0| [100] | FWK | SIG        : sig=5, nm=F
          0| [101] | FWK | AO         : obj=0x0064A400, nm=smTest
          0| [102] | FWK | STATE      : ao=smTest, obj=0x00436F80, nm=waiting
          0| [103] | FWK | STATE      : ao=smTest, obj=0x00437020, nm=s0
          0| [104] | FWK | STATE      : ao=smTest, obj=0x00437160, nm=s1
          0| [105] | FWK | STATE      : ao=smTest, obj=0x00437320, nm=s2
          0| [106] | FWK | STATE      : ao=smTest, obj=0x00437440, nm=s21
          0| [107] | FWK | STATE      : ao=smTest, obj=0x004375E0, nm=s22
          0| [108] | FWK | STATE      : ao=smTest, obj=0x004377A0, nm=s221
          0| [109] | FWK | STATE      : ao=smTest, obj=0x00437840, nm=s2211
          0| [110] | FWK | STATE      : ao=smTest, obj=0x004378C0, nm=s222
          0| [111] | FWK | STATE      : ao=smTest, obj=0x00437960, nm=s2221
          0| [112] | FWK | STATE      : ao=smTest, obj=0x00437A00, nm=s22211
          0| [113] | FWK | STATE      : ao=smTest, obj=0x00437B40, nm=s3
          0| [114] | FWK | STATE      : ao=smTest, obj=0x00437C60, nm=s31
          0| [115] | FWK | STATE      : ao=smTest, obj=0x00437D00, nm=s4
          0| [116] | FWK | STATE      : ao=smTest, obj=0x00437E40, nm=s5
          0| [117] | FWK | STATE      : ao=smTest, obj=0x00437280, nm=s2Final
          0| [118] | UT  | EXPECT     : (262), SM_INIT: ist=waiting
          0| [119] | UT  | EXPECT     : (264), SM_TRN: sst=waiting, tst=waiting
          0| [120] | UT  | EXPECT     : (265), SM_TS_STATE: st=waiting
          0| [121] | UT  | EXPECT     : (266), SM_ENSTATE: st=waiting
          0| [122] | UT  | EXPECT     : (269), SM_NENEX: nen=1, nex=0
          0| [123] | UT  | EXPECT     : (271), SM_STATE: nxtst=waiting
          0| [124] | UT  | EXPECT     : (272), SM_EVT_PROC:  
          0| [125] | UT  | EXPECT     : (141), SM_DCH: sig=B, st=s0
          0| [126] | UT  | EXPECT     : (143), SM_TRN: sst=s0, tst=s21
          0| [127] | UT  | EXPECT     : (84), SM_TS_STATE: st=s21
          0| [128] | UT  | EXPECT     : (87), SM_EXSTATE: st=s0
          0| [129] | UT  | EXPECT     : (90), SM_ENSTATE: st=s2
          0| [130] | UT  | EXPECT     : (90), SM_ENSTATE: st=s21
          0| [131] | UT  | EXPECT     : (161), SM_NENEX: nen=2, nex=1
          0| [132] | UT  | EXPECT     : (163), SM_STATE: nxtst=s21
          0| [133] | UT  | EXPECT     : (165), SM_EVT_PROC:  
          0| [134] | SM  | INIT       : ao=smTest, ist=waiting
          0| [135] | SM  | TRN        : ao=smTest, sst=waiting, tst=waiting
          0| [136] | SM  | TS_STATE   : ao=smTest, st=waiting
          0| [137] | SM  | ENSTATE    : ao=smTest, st=waiting
          0| [138] | SM  | NENEX      : ao=smTest, nen=1, nex=0
          0| [139] | SM  | STATE      : ao=smTest, nxtst=waiting
          0| [140] | SM  | EVT_PROC   : ao=smTest
          0| [141] | SM  | DCH        : ao=smTest, sig=B, st=s0
          0| [142] | SM  | TRN        : ao=smTest, sst=s0, tst=s21
          0| [143] | SM  | TS_STATE   : ao=smTest, st=s21
          0| [144] | SM  | EXSTATE    : ao=smTest, st=s0
          0| [145] | SM  | ENSTATE    : ao=smTest, st=s2
          0| [146] | SM  | ENSTATE    : ao=smTest, st=s21
          0| [147] | SM  | NENEX      : ao=smTest, nen=2, nex=1
          0| [148] | SM  | STATE      : ao=smTest, nxtst=s21
          0| [149] | SM  | EVT_PROC   : ao=smTest
          0| [150] | UT  | VERIFY     : (217)
          0| [151] | UT  | CLEANUP    : (217)
          0| [152] | FWK | SIG        : sig=0, nm=A
          0| [153] | FWK | SIG        : sig=1, nm=B
          0| [154] | FWK | SIG        : sig=2, nm=C
          0| [155] | FWK | SIG        : sig=3, nm=D
          0| [156] | FWK | SIG        : sig=4, nm=E
          0| [157] | FWK | SIG        : sig=5, nm=F
          0| [158] | FWK | AO         : obj=0x0064A400, nm=smTest
          0| [159] | FWK | STATE      : ao=smTest, obj=0x00436F80, nm=waiting
          0| [160] | FWK | STATE      : ao=smTest, obj=0x00437020, nm=s0
          0| [161] | FWK | STATE      : ao=smTest, obj=0x00437160, nm=s1
          0| [162] | FWK | STATE      : ao=smTest, obj=0x00437320, nm=s2
          0| [163] | FWK | STATE      : ao=smTest, obj=0x00437440, nm=s21
          0| [164] | FWK | STATE      : ao=smTest, obj=0x004375E0, nm=s22
          0| [165] | FWK | STATE      : ao=smTest, obj=0x004377A0, nm=s221
          0| [166] | FWK | STATE      : ao=smTest, obj=0x00437840, nm=s2211
          0| [167] | FWK | STATE      : ao=smTest, obj=0x004378C0, nm=s222
          0| [168] | FWK | STATE      : ao=smTest, obj=0x00437960, nm=s2221
          0| [169] | FWK | STATE      : ao=smTest, obj=0x00437A00, nm=s22211
          0| [170] | FWK | STATE      : ao=smTest, obj=0x00437B40, nm=s3
          0| [171] | FWK | STATE      : ao=smTest, obj=0x00437C60, nm=s31
          0| [172] | FWK | STATE      : ao=smTest, obj=0x00437D00, nm=s4
          0| [173] | FWK | STATE      : ao=smTest, obj=0x00437E40, nm=s5
          0| [174] | FWK | STATE      : ao=smTest, obj=0x00437280, nm=s2Final
          0| [175] | UT  | EXPECT     : (262), SM_INIT: ist=waiting
          0| [176] | UT  | EXPECT     : (264), SM_TRN: sst=waiting, tst=waiting
          0| [177] | UT  | EXPECT     : (265), SM_TS_STATE: st=waiting
          0| [178] | UT  | EXPECT     : (266), SM_ENSTATE: st=waiting
          0| [179] | UT  | EXPECT     : (269), SM_NENEX: nen=1, nex=0
          0| [180] | UT  | EXPECT     : (271), SM_STATE: nxtst=waiting
          0| [181] | UT  | EXPECT     : (272), SM_EVT_PROC:  
          0| [182] | UT  | EXPECT     : (141), SM_DCH: sig=B, st=s21
          0| [183] | UT  | EXPECT     : (143), SM_TRN: sst=s21, tst=s0
          0| [184] | UT  | EXPECT     : (84), SM_TS_STATE: st=s0
          0| [185] | UT  | EXPECT     : (87), SM_EXSTATE: st=s21
          0| [186] | UT  | EXPECT     : (87), SM_EXSTATE: st=s2
          0| [187] | UT  | EXPECT     : (90), SM_ENSTATE: st=s0
          0| [188] | UT  | EXPECT     : (161), SM_NENEX: nen=1, nex=2
          0| [189] | UT  | EXPECT     : (163), SM_STATE: nxtst=s0
          0| [190] | UT  | EXPECT     : (165), SM_EVT_PROC:  
          0| [191] | SM  | INIT       : ao=smTest, ist=waiting
          0| [192] | SM  | TRN        : ao=smTest, sst=waiting, tst=waiting
          0| [193] | SM  | TS_STATE   : ao=smTest, st=waiting
          0| [194] | SM  | ENSTATE    : ao=smTest, st=waiting
          0| [195] | SM  | NENEX      : ao=smTest, nen=1, nex=0
          0| [196] | SM  | STATE      : ao=smTest, nxtst=waiting
          0| [197] | SM  | EVT_PROC   : ao=smTest
          0| [198] | SM  | DCH        : ao=smTest, sig=B, st=s21
          0| [199] | SM  | TRN        : ao=smTest, sst=s21, tst=s0
          0| [200] | SM  | TS_STATE   : ao=smTest, st=s0
          0| [201] | SM  | EXSTATE    : ao=smTest, st=s21
          0| [202] | SM  | EXSTATE    : ao=smTest, st=s2
          0| [203] | SM  | ENSTATE    : ao=smTest, st=s0
          0| [204] | SM  | NENEX      : ao=smTest, nen=1, nex=2
          0| [205] | SM  | STATE      : ao=smTest, nxtst=s0
          0| [206] | SM  | EVT_PROC   : ao=smTest
          0| [207] | UT  | VERIFY     : (245)
          0| [208] | UT  | CLEANUP    : (245)
          0| [209] | FWK | SIG        : sig=0, nm=A
          0| [210] | FWK | SIG        : sig=1, nm=B
          0| [211] | FWK | SIG        : sig=2, nm=C
          0| [212] | FWK | SIG        : sig=3, nm=D
          0| [213] | FWK | SIG        : sig=4, nm=E
          0| [214] | FWK | SIG        : sig=5, nm=F
          0| [215] | FWK | AO         : obj=0x0064A400, nm=smTest
          0| [216] | FWK | STATE      : ao=smTest, obj=0x00436F80, nm=waiting
          0| [217] | FWK | STATE      : ao=smTest, obj=0x00437020, nm=s0
          0| [218] | FWK | STATE      : ao=smTest, obj=0x00437160, nm=s1
          0| [219] | FWK | STATE      : ao=smTest, obj=0x00437320, nm=s2
          0| [220] | FWK | STATE      : ao=smTest, obj=0x00437440, nm=s21
          0| [221] | FWK | STATE      : ao=smTest, obj=0x004375E0, nm=s22
          0| [222] | FWK | STATE      : ao=smTest, obj=0x004377A0, nm=s221
          0| [223] | FWK | STATE      : ao=smTest, obj=0x00437840, nm=s2211
          0| [224] | FWK | STATE      : ao=smTest, obj=0x004378C0, nm=s222
          0| [225] | FWK | STATE      : ao=smTest, obj=0x00437960, nm=s2221
          0| [226] | FWK | STATE      : ao=smTest, obj=0x00437A00, nm=s22211
          0| [227] | FWK | STATE      : ao=smTest, obj=0x00437B40, nm=s3
          0| [228] | FWK | STATE      : ao=smTest, obj=0x00437C60, nm=s31
          0| [229] | FWK | STATE      : ao=smTest, obj=0x00437D00, nm=s4
          0| [230] | FWK | STATE      : ao=smTest, obj=0x00437E40, nm=s5
          0| [231] | FWK | STATE      : ao=smTest, obj=0x00437280, nm=s2Final
          0| [232] | UT  | EXPECT     : (262), SM_INIT: ist=waiting
          0| [233] | UT  | EXPECT     : (264), SM_TRN: sst=waiting, tst=waiting
          0| [234] | UT  | EXPECT     : (265), SM_TS_STATE: st=waiting
          0| [235] | UT  | EXPECT     : (266), SM_ENSTATE: st=waiting
          0| [236] | UT  | EXPECT     : (269), SM_NENEX: nen=1, nex=0
          0| [237] | UT  | EXPECT     : (271), SM_STATE: nxtst=waiting
          0| [238] | UT  | EXPECT     : (272), SM_EVT_PROC:  
          0| [239] | UT  | EXPECT     : (291), SM_DCH: sig=C, st=s0
          0| [240] | UT  | EXPECT     : (292), SM_TRN: sst=s0, tst=s2
          0| [241] | UT  | EXPECT     : (293), SM_TS_STATE: st=s2
          0| [242] | UT  | EXPECT     : (294), SM_EXSTATE: st=s0
          0| [243] | UT  | EXPECT     : (295), SM_ENSTATE: st=s2
          0| [244] | UT  | EXPECT     : (296), SM_TS_STATE: st=s21
          0| [245] | UT  | EXPECT     : (297), SM_ENSTATE: st=s21
          0| [246] | UT  | EXPECT     : (298), SM_NENEX: nen=2, nex=1
          0| [247] | UT  | EXPECT     : (299), SM_STATE: nxtst=s21
          0| [248] | UT  | EXPECT     : (300), SM_EVT_PROC:  
          0| [249] | SM  | INIT       : ao=smTest, ist=waiting
          0| [250] | SM  | TRN        : ao=smTest, sst=waiting, tst=waiting
          0| [251] | SM  | TS_STATE   : ao=smTest, st=waiting
          0| [252] | SM  | ENSTATE    : ao=smTest, st=waiting
          0| [253] | SM  | NENEX      : ao=smTest, nen=1, nex=0
          0| [254] | SM  | STATE      : ao=smTest, nxtst=waiting
          0| [255] | SM  | EVT_PROC   : ao=smTest
          0| [  0] | SM  | DCH        : ao=smTest, sig=C, st=s0
          0| [  1] | SM  | TRN        : ao=smTest, sst=s0, tst=s2
          0| [  2] | SM  | TS_STATE   : ao=smTest, st=s2
          0| [  3] | SM  | EXSTATE    : ao=smTest, st=s0
          0| [  4] | SM  | ENSTATE    : ao=smTest, st=s2
          0| [  5] | SM  | TS_STATE   : ao=smTest, st=s21
          0| [  6] | SM  | ENSTATE    : ao=smTest, st=s21
          0| [  7] | SM  | NENEX      : ao=smTest, nen=2, nex=1
          0| [  8] | SM  | STATE      : ao=smTest, nxtst=s21
          0| [  9] | SM  | EVT_PROC   : ao=smTest
          0| [ 10] | UT  | VERIFY     : (273)
          0| [ 11] | UT  | CLEANUP    : (273)
          0| [ 12] | FWK | SIG        : sig=0, nm=A
          0| [ 13] | FWK | SIG        : sig=1, nm=B
          0| [ 14] | FWK | SIG        : sig=2, nm=C
          0| [ 15] | FWK | SIG        : sig=3, nm=D
          0| [ 16] | FWK | SIG        : sig=4, nm=E
          0| [ 17] | FWK | SIG        : sig=5, nm=F
          0| [ 18] | FWK | AO         : obj=0x0064A400, nm=smTest
          0| [ 19] | FWK | STATE      : ao=smTest, obj=0x00436F80, nm=waiting
          0| [ 20] | FWK | STATE      : ao=smTest, obj=0x00437020, nm=s0
          0| [ 21] | FWK | STATE      : ao=smTest, obj=0x00437160, nm=s1
          0| [ 22] | FWK | STATE      : ao=smTest, obj=0x00437320, nm=s2
          0| [ 23] | FWK | STATE      : ao=smTest, obj=0x00437440, nm=s21
          0| [ 24] | FWK | STATE      : ao=smTest, obj=0x004375E0, nm=s22
          0| [ 25] | FWK | STATE      : ao=smTest, obj=0x004377A0, nm=s221
          0| [ 26] | FWK | STATE      : ao=smTest, obj=0x00437840, nm=s2211
          0| [ 27] | FWK | STATE      : ao=smTest, obj=0x004378C0, nm=s222
          0| [ 28] | FWK | STATE      : ao=smTest, obj=0x00437960, nm=s2221
          0| [ 29] | FWK | STATE      : ao=smTest, obj=0x00437A00, nm=s22211
          0| [ 30] | FWK | STATE      : ao=smTest, obj=0x00437B40, nm=s3
          0| [ 31] | FWK | STATE      : ao=smTest, obj=0x00437C60, nm=s31
          0| [ 32] | FWK | STATE      : ao=smTest, obj=0x00437D00, nm=s4
          0| [ 33] | FWK | STATE      : ao=smTest, obj=0x00437E40, nm=s5
          0| [ 34] | FWK | STATE      : ao=smTest, obj=0x00437280, nm=s2Final
          0| [ 35] | UT  | EXPECT     : (262), SM_INIT: ist=waiting
          0| [ 36] | UT  | EXPECT     : (264), SM_TRN: sst=waiting, tst=waiting
          0| [ 37] | UT  | EXPECT     : (265), SM_TS_STATE: st=waiting
          0| [ 38] | UT  | EXPECT     : (266), SM_ENSTATE: st=waiting
          0| [ 39] | UT  | EXPECT     : (269), SM_NENEX: nen=1, nex=0
          0| [ 40] | UT  | EXPECT     : (271), SM_STATE: nxtst=waiting
          0| [ 41] | UT  | EXPECT     : (272), SM_EVT_PROC:  
          0| [ 42] | UT  | EXPECT     : (332), SM_DCH: sig=D, st=s0
          0| [ 43] | UT  | EXPECT     : (333), SM_TRN: sst=s0, tst=s22
          0| [ 44] | UT  | EXPECT     : (334), SM_TS_STATE: st=s22
          0| [ 45] | UT  | EXPECT     : (335), SM_EXSTATE: st=s0
          0| [ 46] | UT  | EXPECT     : (336), SM_ENSTATE: st=s2
          0| [ 47] | UT  | EXPECT     : (337), SM_ENSTATE: st=s22
          0| [ 48] | UT  | EXPECT     : (338), SM_TS_STATE: st=s221
          0| [ 49] | UT  | EXPECT     : (339), SM_ENSTATE: st=s221
          0| [ 50] | UT  | EXPECT     : (340), SM_TS_STATE: st=s2211
          0| [ 51] | UT  | EXPECT     : (341), SM_ENSTATE: st=s2211
          0| [ 52] | UT  | EXPECT     : (342), SM_NENEX: nen=4, nex=1
          0| [ 53] | UT  | EXPECT     : (343), SM_STATE: nxtst=s2211
          0| [ 54] | UT  | EXPECT     : (344), SM_EVT_PROC:  
          0| [ 55] | SM  | INIT       : ao=smTest, ist=waiting
          0| [ 56] | SM  | TRN        : ao=smTest, sst=waiting, tst=waiting
          0| [ 57] | SM  | TS_STATE   : ao=smTest, st=waiting
          0| [ 58] | SM  | ENSTATE    : ao=smTest, st=waiting
          0| [ 59] | SM  | NENEX      : ao=smTest, nen=1, nex=0
          0| [ 60] | SM  | STATE      : ao=smTest, nxtst=waiting
          0| [ 61] | SM  | EVT_PROC   : ao=smTest
          0| [ 62] | SM  | DCH        : ao=smTest, sig=D, st=s0
          0| [ 63] | SM  | TRN        : ao=smTest, sst=s0, tst=s22
          0| [ 64] | SM  | TS_STATE   : ao=smTest, st=s22
          0| [ 65] | SM  | EXSTATE    : ao=smTest, st=s0
          0| [ 66] | SM  | ENSTATE    : ao=smTest, st=s2
          0| [ 67] | SM  | ENSTATE    : ao=smTest, st=s22
          0| [ 68] | SM  | TS_STATE   : ao=smTest, st=s221
          0| [ 69] | SM  | ENSTATE    : ao=smTest, st=s221
          0| [ 70] | SM  | TS_STATE   : ao=smTest, st=s2211
          0| [ 71] | SM  | ENSTATE    : ao=smTest, st=s2211
          0| [ 72] | SM  | NENEX      : ao=smTest, nen=4, nex=1
          0| [ 73] | SM  | STATE      : ao=smTest, nxtst=s2211
          0| [ 74] | SM  | EVT_PROC   : ao=smTest
          0| [ 75] | UT  | VERIFY     : (311)
          0| [ 76] | UT  | CLEANUP    : (311)
          0| [ 77] | FWK | SIG        : sig=0, nm=A
          0| [ 78] | FWK | SIG        : sig=1, nm=B
          0| [ 79] | FWK | SIG        : sig=2, nm=C
          0| [ 80] | FWK | SIG        : sig=3, nm=D
          0| [ 81] | FWK | SIG        : sig=4, nm=E
          0| [ 82] | FWK | SIG        : sig=5, nm=F
          0| [ 83] | FWK | AO         : obj=0x0064A400, nm=smTest
          0| [ 84] | FWK | STATE      : ao=smTest, obj=0x00436F80, nm=waiting
          0| [ 85] | FWK | STATE      : ao=smTest, obj=0x00437020, nm=s0
          0| [ 86] | FWK | STATE      : ao=smTest, obj=0x00437160, nm=s1
          0| [ 87] | FWK | STATE      : ao=smTest, obj=0x00437320, nm=s2
          0| [ 88] | FWK | STATE      : ao=smTest, obj=0x00437440, nm=s21
          0| [ 89] | FWK | STATE      : ao=smTest, obj=0x004375E0, nm=s22
          0| [ 90] | FWK | STATE      : ao=smTest, obj=0x004377A0, nm=s221
          0| [ 91] | FWK | STATE      : ao=smTest, obj=0x00437840, nm=s2211
          0| [ 92] | FWK | STATE      : ao=smTest, obj=0x004378C0, nm=s222
          0| [ 93] | FWK | STATE      : ao=smTest, obj=0x00437960, nm=s2221
          0| [ 94] | FWK | STATE      : ao=smTest, obj=0x00437A00, nm=s22211
          0| [ 95] | FWK | STATE      : ao=smTest, obj=0x00437B40, nm=s3
          0| [ 96] | FWK | STATE      : ao=smTest, obj=0x00437C60, nm=s31
          0| [ 97] | FWK | STATE      : ao=smTest, obj=0x00437D00, nm=s4
          0| [ 98] | FWK | STATE      : ao=smTest, obj=0x00437E40, nm=s5
          0| [ 99] | FWK | STATE      : ao=smTest, obj=0x00437280, nm=s2Final
          0| [100] | UT  | EXPECT     : (262), SM_INIT: ist=waiting
          0| [101] | UT  | EXPECT     : (264), SM_TRN: sst=waiting, tst=waiting
          0| [102] | UT  | EXPECT     : (265), SM_TS_STATE: st=waiting
          0| [103] | UT  | EXPECT     : (266), SM_ENSTATE: st=waiting
          0| [104] | UT  | EXPECT     : (269), SM_NENEX: nen=1, nex=0
          0| [105] | UT  | EXPECT     : (271), SM_STATE: nxtst=waiting
          0| [106] | UT  | EXPECT     : (272), SM_EVT_PROC:  
          0| [107] | UT  | EXPECT     : (372), SM_DCH: sig=C, st=s21
          0| [108] | UT  | EXPECT     : (373), SM_TRN: sst=s21, tst=s2
          0| [109] | UT  | EXPECT     : (374), SM_TS_STATE: st=s2
          0| [110] | UT  | EXPECT     : (375), SM_EXSTATE: st=s21
          0| [111] | UT  | EXPECT     : (376), SM_TS_STATE: st=s21
          0| [112] | UT  | EXPECT     : (377), SM_ENSTATE: st=s21
          0| [113] | UT  | EXPECT     : (378), SM_NENEX: nen=1, nex=1
          0| [114] | UT  | EXPECT     : (379), SM_STATE: nxtst=s21
          0| [115] | UT  | EXPECT     : (380), SM_EVT_PROC:  
          0| [116] | SM  | INIT       : ao=smTest, ist=waiting
          0| [117] | SM  | TRN        : ao=smTest, sst=waiting, tst=waiting
          0| [118] | SM  | TS_STATE   : ao=smTest, st=waiting
          0| [119] | SM  | ENSTATE    : ao=smTest, st=waiting
          0| [120] | SM  | NENEX      : ao=smTest, nen=1, nex=0
          0| [121] | SM  | STATE      : ao=smTest, nxtst=waiting
          0| [122] | SM  | EVT_PROC   : ao=smTest
          0| [123] | SM  | DCH        : ao=smTest, sig=C, st=s21
          0| [124] | SM  | TRN        : ao=smTest, sst=s21, tst=s2
          0| [125] | SM  | TS_STATE   : ao=smTest, st=s2
          0| [126] | SM  | EXSTATE    : ao=smTest, st=s21
          0| [127] | SM  | TS_STATE   : ao=smTest, st=s21
          0| [128] | SM  | ENSTATE    : ao=smTest, st=s21
          0| [129] | SM  | NENEX      : ao=smTest, nen=1, nex=1
          0| [130] | SM  | STATE      : ao=smTest, nxtst=s21
          0| [131] | SM  | EVT_PROC   : ao=smTest
          0| [132] | UT  | VERIFY     : (355)
          0| [133] | UT  | CLEANUP    : (355)
          0| [134] | FWK | SIG        : sig=0, nm=A
          0| [135] | FWK | SIG        : sig=1, nm=B
          0| [136] | FWK | SIG        : sig=2, nm=C
          0| [137] | FWK | SIG        : sig=3, nm=D
          0| [138] | FWK | SIG        : sig=4, nm=E
          0| [139] | FWK | SIG        : sig=5, nm=F
          0| [140] | FWK | AO         : obj=0x0064A400, nm=smTest
          0| [141] | FWK | STATE      : ao=smTest, obj=0x00436F80, nm=waiting
          0| [142] | FWK | STATE      : ao=smTest, obj=0x00437020, nm=s0
          0| [143] | FWK | STATE      : ao=smTest, obj=0x00437160, nm=s1
          0| [144] | FWK | STATE      : ao=smTest, obj=0x00437320, nm=s2
          0| [145] | FWK | STATE      : ao=smTest, obj=0x00437440, nm=s21
          0| [146] | FWK | STATE      : ao=smTest, obj=0x004375E0, nm=s22
          0| [147] | FWK | STATE      : ao=smTest, obj=0x004377A0, nm=s221
          0| [148] | FWK | STATE      : ao=smTest, obj=0x00437840, nm=s2211
          0| [149] | FWK | STATE      : ao=smTest, obj=0x004378C0, nm=s222
          0| [150] | FWK | STATE      : ao=smTest, obj=0x00437960, nm=s2221
          0| [151] | FWK | STATE      : ao=smTest, obj=0x00437A00, nm=s22211
          0| [152] | FWK | STATE      : ao=smTest, obj=0x00437B40, nm=s3
          0| [153] | FWK | STATE      : ao=smTest, obj=0x00437C60, nm=s31
          0| [154] | FWK | STATE      : ao=smTest, obj=0x00437D00, nm=s4
          0| [155] | FWK | STATE      : ao=smTest, obj=0x00437E40, nm=s5
          0| [156] | FWK | STATE      : ao=smTest, obj=0x00437280, nm=s2Final
          0| [157] | UT  | EXPECT     : (262), SM_INIT: ist=waiting
          0| [158] | UT  | EXPECT     : (264), SM_TRN: sst=waiting, tst=waiting
          0| [159] | UT  | EXPECT     : (265), SM_TS_STATE: st=waiting
          0| [160] | UT  | EXPECT     : (266), SM_ENSTATE: st=waiting
          0| [161] | UT  | EXPECT     : (269), SM_NENEX: nen=1, nex=0
          0| [162] | UT  | EXPECT     : (271), SM_STATE: nxtst=waiting
          0| [163] | UT  | EXPECT     : (272), SM_EVT_PROC:  
          0| [164] | UT  | EXPECT     : (141), SM_DCH: sig=A, st=s21
          0| [165] | UT  | EXPECT     : (143), SM_TRN: sst=s2, tst=s0
          0| [166] | UT  | EXPECT     : (84), SM_TS_STATE: st=s0
          0| [167] | UT  | EXPECT     : (87), SM_EXSTATE: st=s21
          0| [168] | UT  | EXPECT     : (87), SM_EXSTATE: st=s2
          0| [169] | UT  | EXPECT     : (90), SM_ENSTATE: st=s0
          0| [170] | UT  | EXPECT     : (161), SM_NENEX: nen=1, nex=2
          0| [171] | UT  | EXPECT     : (163), SM_STATE: nxtst=s0
          0| [172] | UT  | EXPECT     : (165), SM_EVT_PROC:  
          0| [173] | SM  | INIT       : ao=smTest, ist=waiting
          0| [174] | SM  | TRN        : ao=smTest, sst=waiting, tst=waiting
          0| [175] | SM  | TS_STATE   : ao=smTest, st=waiting
          0| [176] | SM  | ENSTATE    : ao=smTest, st=waiting
          0| [177] | SM  | NENEX      : ao=smTest, nen=1, nex=0
          0| [178] | SM  | STATE      : ao=smTest, nxtst=waiting
          0| [179] | SM  | EVT_PROC   : ao=smTest
          0| [180] | SM  | DCH        : ao=smTest, sig=A, st=s21
          0| [181] | SM  | TRN        : ao=smTest, sst=s2, tst=s0
          0| [182] | SM  | TS_STATE   : ao=smTest, st=s0
          0| [183] | SM  | EXSTATE    : ao=smTest, st=s21
          0| [184] | SM  | EXSTATE    : ao=smTest, st=s2
          0| [185] | SM  | ENSTATE    : ao=smTest, st=s0
          0| [186] | SM  | NENEX      : ao=smTest, nen=1, nex=2
          0| [187] | SM  | STATE      : ao=smTest, nxtst=s0
          0| [188] | SM  | EVT_PROC   : ao=smTest
          0| [189] | UT  | VERIFY     : (391)
          0| [190] | UT  | CLEANUP    : (391)
          0| [191] | FWK | SIG        : sig=0, nm=A
          0| [192] | FWK | SIG        : sig=1, nm=B
          0| [193] | FWK | SIG        : sig=2, nm=C
          0| [194] | FWK | SIG        : sig=3, nm=D
          0| [195] | FWK | SIG        : sig=4, nm=E
          0| [196] | FWK | SIG        : sig=5, nm=F
          0| [197] | FWK | AO         : obj=0x0064A400, nm=smTest
          0| [198] | FWK | STATE      : ao=smTest, obj=0x00436F80, nm=waiting
          0| [199] | FWK | STATE      : ao=smTest, obj=0x00437020, nm=s0
          0| [200] | FWK | STATE      : ao=smTest, obj=0x00437160, nm=s1
          0| [201] | FWK | STATE      : ao=smTest, obj=0x00437320, nm=s2
          0| [202] | FWK | STATE      : ao=smTest, obj=0x00437440, nm=s21
          0| [203] | FWK | STATE      : ao=smTest, obj=0x004375E0, nm=s22
          0| [204] | FWK | STATE      : ao=smTest, obj=0x004377A0, nm=s221
          0| [205] | FWK | STATE      : ao=smTest, obj=0x00437840, nm=s2211
          0| [206] | FWK | STATE      : ao=smTest, obj=0x004378C0, nm=s222
          0| [207] | FWK | STATE      : ao=smTest, obj=0x00437960, nm=s2221
          0| [208] | FWK | STATE      : ao=smTest, obj=0x00437A00, nm=s22211
          0| [209] | FWK | STATE      : ao=smTest, obj=0x00437B40, nm=s3
          0| [210] | FWK | STATE      : ao=smTest, obj=0x00437C60, nm=s31
          0| [211] | FWK | STATE      : ao=smTest, obj=0x00437D00, nm=s4
          0| [212] | FWK | STATE      : ao=smTest, obj=0x00437E40, nm=s5
          0| [213] | FWK | STATE      : ao=smTest, obj=0x00437280, nm=s2Final
          0| [214] | UT  | EXPECT     : (262), SM_INIT: ist=waiting
          0| [215] | UT  | EXPECT     : (264), SM_TRN: sst=waiting, tst=waiting
          0| [216] | UT  | EXPECT     : (265), SM_TS_STATE: st=waiting
          0| [217] | UT  | EXPECT     : (266), SM_ENSTATE: st=waiting
          0| [218] | UT  | EXPECT     : (269), SM_NENEX: nen=1, nex=0
          0| [219] | UT  | EXPECT     : (271), SM_STATE: nxtst=waiting
          0| [220] | UT  | EXPECT     : (272), SM_EVT_PROC:  
          0| [221] | UT  | EXPECT     : (141), SM_DCH: sig=D, st=s21
          0| [222] | UT  | EXPECT     : (143), SM_TRN: sst=s2, tst=s21
          0| [223] | UT  | EXPECT     : (84), SM_TS_STATE: st=s21
          0| [224] | UT  | EXPECT     : (87), SM_EXSTATE: st=s21
          0| [225] | UT  | EXPECT     : (90), SM_ENSTATE: st=s21
          0| [226] | UT  | EXPECT     : (161), SM_NENEX: nen=1, nex=1
          0| [227] | UT  | EXPECT     : (163), SM_STATE: nxtst=s21
          0| [228] | UT  | EXPECT     : (165), SM_EVT_PROC:  
          0| [229] | SM  | INIT       : ao=smTest, ist=waiting
          0| [230] | SM  | TRN        : ao=smTest, sst=waiting, tst=waiting
          0| [231] | SM  | TS_STATE   : ao=smTest, st=waiting
          0| [232] | SM  | ENSTATE    : ao=smTest, st=waiting
          0| [233] | SM  | NENEX      : ao=smTest, nen=1, nex=0
          0| [234] | SM  | STATE      : ao=smTest, nxtst=waiting
          0| [235] | SM  | EVT_PROC   : ao=smTest
          0| [236] | SM  | DCH        : ao=smTest, sig=D, st=s21
          0| [237] | SM  | TRN        : ao=smTest, sst=s2, tst=s21
          0| [238] | SM  | TS_STATE   : ao=smTest, st=s21
          0| [239] | SM  | EXSTATE    : ao=smTest, st=s21
          0| [240] | SM  | ENSTATE    : ao=smTest, st=s21
          0| [241] | SM  | NENEX      : ao=smTest, nen=1, nex=1
          0| [242] | SM  | STATE      : ao=smTest, nxtst=s21
          0| [243] | SM  | EVT_PROC   : ao=smTest
          0| [244] | UT  | VERIFY     : (419)
          0| [245] | UT  | CLEANUP    : (419)
          0| [246] | FWK | SIG        : sig=0, nm=A
          0| [247] | FWK | SIG        : sig=1, nm=B
          0| [248] | FWK | SIG        : sig=2, nm=C
          0| [249] | FWK | SIG        : sig=3, nm=D
          0| [250] | FWK | SIG        : sig=4, nm=E
          0| [251] | FWK | SIG        : sig=5, nm=F
          0| [252] | FWK | AO         : obj=0x0064A400, nm=smTest
          0| [253] | FWK | STATE      : ao=smTest, obj=0x00436F80, nm=waiting
          0| [254] | FWK | STATE      : ao=smTest, obj=0x00437020, nm=s0
          0| [255] | FWK | STATE      : ao=smTest, obj=0x00437160, nm=s1
          0| [  0] | FWK | STATE      : ao=smTest, obj=0x00437320, nm=s2
          0| [  1] | FWK | STATE      : ao=smTest, obj=0x00437440, nm=s21
          0| [  2] | FWK | STATE      : ao=smTest, obj=0x004375E0, nm=s22
          0| [  3] | FWK | STATE      : ao=smTest, obj=0x004377A0, nm=s221
          0| [  4] | FWK | STATE      : ao=smTest, obj=0x00437840, nm=s2211
          0| [  5] | FWK | STATE      : ao=smTest, obj=0x004378C0, nm=s222
          0| [  6] | FWK | STATE      : ao=smTest, obj=0x00437960, nm=s2221
          0| [  7] | FWK | STATE      : ao=smTest, obj=0x00437A00, nm=s22211
          0| [  8] | FWK | STATE      : ao=smTest, obj=0x00437B40, nm=s3
          0| [  9] | FWK | STATE      : ao=smTest, obj=0x00437C60, nm=s31
          0| [ 10] | FWK | STATE      : ao=smTest, obj=0x00437D00, nm=s4
          0| [ 11] | FWK | STATE      : ao=smTest, obj=0x00437E40, nm=s5
          0| [ 12] | FWK | STATE      : ao=smTest, obj=0x00437280, nm=s2Final
          0| [ 13] | UT  | EXPECT     : (262), SM_INIT: ist=waiting
          0| [ 14] | UT  | EXPECT     : (264), SM_TRN: sst=waiting, tst=waiting
          0| [ 15] | UT  | EXPECT     : (265), SM_TS_STATE: st=waiting
          0| [ 16] | UT  | EXPECT     : (266), SM_ENSTATE: st=waiting
          0| [ 17] | UT  | EXPECT     : (269), SM_NENEX: nen=1, nex=0
          0| [ 18] | UT  | EXPECT     : (271), SM_STATE: nxtst=waiting
          0| [ 19] | UT  | EXPECT     : (272), SM_EVT_PROC:  
          0| [ 20] | UT  | EXPECT     : (141), SM_DCH: sig=A, st=s1
          0| [ 21] | UT  | EXPECT     : (143), SM_TRN: sst=s1, tst=s1
          0| [ 22] | UT  | EXPECT     : (84), SM_TS_STATE: st=s1
          0| [ 23] | UT  | EXPECT     : (87), SM_EXSTATE: st=s1
          0| [ 24] | UT  | EXPECT     : (90), SM_ENSTATE: st=s1
          0| [ 25] | UT  | EXPECT     : (161), SM_NENEX: nen=1, nex=1
          0| [ 26] | UT  | EXPECT     : (163), SM_STATE: nxtst=s1
          0| [ 27] | UT  | EXPECT     : (165), SM_EVT_PROC:  
          0| [ 28] | SM  | INIT       : ao=smTest, ist=waiting
          0| [ 29] | SM  | TRN        : ao=smTest, sst=waiting, tst=waiting
          0| [ 30] | SM  | TS_STATE   : ao=smTest, st=waiting
          0| [ 31] | SM  | ENSTATE    : ao=smTest, st=waiting
          0| [ 32] | SM  | NENEX      : ao=smTest, nen=1, nex=0
          0| [ 33] | SM  | STATE      : ao=smTest, nxtst=waiting
          0| [ 34] | SM  | EVT_PROC   : ao=smTest
          0| [ 35] | SM  | DCH        : ao=smTest, sig=A, st=s1
          0| [ 36] | SM  | TRN        : ao=smTest, sst=s1, tst=s1
          0| [ 37] | SM  | TS_STATE   : ao=smTest, st=s1
          0| [ 38] | SM  | EXSTATE    : ao=smTest, st=s1
          0| [ 39] | SM  | ENSTATE    : ao=smTest, st=s1
          0| [ 40] | SM  | NENEX      : ao=smTest, nen=1, nex=1
          0| [ 41] | SM  | STATE      : ao=smTest, nxtst=s1
          0| [ 42] | SM  | EVT_PROC   : ao=smTest
          0| [ 43] | UT  | VERIFY     : (446)
          0| [ 44] | UT  | CLEANUP    : (446)
          0| [ 45] | FWK | SIG        : sig=0, nm=A
          0| [ 46] | FWK | SIG        : sig=1, nm=B
          0| [ 47] | FWK | SIG        : sig=2, nm=C
          0| [ 48] | FWK | SIG        : sig=3, nm=D
          0| [ 49] | FWK | SIG        : sig=4, nm=E
          0| [ 50] | FWK | SIG        : sig=5, nm=F
          0| [ 51] | FWK | AO         : obj=0x0064A400, nm=smTest
          0| [ 52] | FWK | STATE      : ao=smTest, obj=0x00436F80, nm=waiting
          0| [ 53] | FWK | STATE      : ao=smTest, obj=0x00437020, nm=s0
          0| [ 54] | FWK | STATE      : ao=smTest, obj=0x00437160, nm=s1
          0| [ 55] | FWK | STATE      : ao=smTest, obj=0x00437320, nm=s2
          0| [ 56] | FWK | STATE      : ao=smTest, obj=0x00437440, nm=s21
          0| [ 57] | FWK | STATE      : ao=smTest, obj=0x004375E0, nm=s22
          0| [ 58] | FWK | STATE      : ao=smTest, obj=0x004377A0, nm=s221
          0| [ 59] | FWK | STATE      : ao=smTest, obj=0x00437840, nm=s2211
          0| [ 60] | FWK | STATE      : ao=smTest, obj=0x004378C0, nm=s222
          0| [ 61] | FWK | STATE      : ao=smTest, obj=0x00437960, nm=s2221
          0| [ 62] | FWK | STATE      : ao=smTest, obj=0x00437A00, nm=s22211
          0| [ 63] | FWK | STATE      : ao=smTest, obj=0x00437B40, nm=s3
          0| [ 64] | FWK | STATE      : ao=smTest, obj=0x00437C60, nm=s31
          0| [ 65] | FWK | STATE      : ao=smTest, obj=0x00437D00, nm=s4
          0| [ 66] | FWK | STATE      : ao=smTest, obj=0x00437E40, nm=s5
          0| [ 67] | FWK | STATE      : ao=smTest, obj=0x00437280, nm=s2Final
          0| [ 68] | UT  | EXPECT     : (262), SM_INIT: ist=waiting
          0| [ 69] | UT  | EXPECT     : (264), SM_TRN: sst=waiting, tst=waiting
          0| [ 70] | UT  | EXPECT     : (265), SM_TS_STATE: st=waiting
          0| [ 71] | UT  | EXPECT     : (266), SM_ENSTATE: st=waiting
          0| [ 72] | UT  | EXPECT     : (269), SM_NENEX: nen=1, nex=0
          0| [ 73] | UT  | EXPECT     : (271), SM_STATE: nxtst=waiting
          0| [ 74] | UT  | EXPECT     : (272), SM_EVT_PROC:  
          0| [ 75] | UT  | EXPECT     : (141), SM_DCH: sig=D, st=s31
          0| [ 76] | UT  | EXPECT     : (143), SM_TRN: sst=s31, tst=s31
          0| [ 77] | UT  | EXPECT     : (84), SM_TS_STATE: st=s31
          0| [ 78] | UT  | EXPECT     : (87), SM_EXSTATE: st=s31
          0| [ 79] | UT  | EXPECT     : (90), SM_ENSTATE: st=s31
          0| [ 80] | UT  | EXPECT     : (161), SM_NENEX: nen=1, nex=1
          0| [ 81] | UT  | EXPECT     : (163), SM_STATE: nxtst=s31
          0| [ 82] | UT  | EXPECT     : (165), SM_EVT_PROC:  
          0| [ 83] | SM  | INIT       : ao=smTest, ist=waiting
          0| [ 84] | SM  | TRN        : ao=smTest, sst=waiting, tst=waiting
          0| [ 85] | SM  | TS_STATE   : ao=smTest, st=waiting
          0| [ 86] | SM  | ENSTATE    : ao=smTest, st=waiting
          0| [ 87] | SM  | NENEX      : ao=smTest, nen=1, nex=0
          0| [ 88] | SM  | STATE      : ao=smTest, nxtst=waiting
          0| [ 89] | SM  | EVT_PROC   : ao=smTest
          0| [ 90] | SM  | DCH        : ao=smTest, sig=D, st=s31
          0| [ 91] | SM  | TRN        : ao=smTest, sst=s31, tst=s31
          0| [ 92] | SM  | TS_STATE   : ao=smTest, st=s31
          0| [ 93] | SM  | EXSTATE    : ao=smTest, st=s31
          0| [ 94] | SM  | ENSTATE    : ao=smTest, st=s31
          0| [ 95] | SM  | NENEX      : ao=smTest, nen=1, nex=1
          0| [ 96] | SM  | STATE      : ao=smTest, nxtst=s31
          0| [ 97] | SM  | EVT_PROC   : ao=smTest
          0| [ 98] | UT  | VERIFY     : (473)
          0| [ 99] | UT  | CLEANUP    : (473)
          0| [100] | FWK | SIG        : sig=0, nm=A
          0| [101] | FWK | SIG        : sig=1, nm=B
          0| [102] | FWK | SIG        : sig=2, nm=C
          0| [103] | FWK | SIG        : sig=3, nm=D
          0| [104] | FWK | SIG        : sig=4, nm=E
          0| [105] | FWK | SIG        : sig=5, nm=F
          0| [106] | FWK | AO         : obj=0x0064A400, nm=smTest
          0| [107] | FWK | STATE      : ao=smTest, obj=0x00436F80, nm=waiting
          0| [108] | FWK | STATE      : ao=smTest, obj=0x00437020, nm=s0
          0| [109] | FWK | STATE      : ao=smTest, obj=0x00437160, nm=s1
          0| [110] | FWK | STATE      : ao=smTest, obj=0x00437320, nm=s2
          0| [111] | FWK | STATE      : ao=smTest, obj=0x00437440, nm=s21
          0| [112] | FWK | STATE      : ao=smTest, obj=0x004375E0, nm=s22
          0| [113] | FWK | STATE      : ao=smTest, obj=0x004377A0, nm=s221
          0| [114] | FWK | STATE      : ao=smTest, obj=0x00437840, nm=s2211
          0| [115] | FWK | STATE      : ao=smTest, obj=0x004378C0, nm=s222
          0| [116] | FWK | STATE      : ao=smTest, obj=0x00437960, nm=s2221
          0| [117] | FWK | STATE      : ao=smTest, obj=0x00437A00, nm=s22211
          0| [118] | FWK | STATE      : ao=smTest, obj=0x00437B40, nm=s3
          0| [119] | FWK | STATE      : ao=smTest, obj=0x00437C60, nm=s31
          0| [120] | FWK | STATE      : ao=smTest, obj=0x00437D00, nm=s4
          0| [121] | FWK | STATE      : ao=smTest, obj=0x00437E40, nm=s5
          0| [122] | FWK | STATE      : ao=smTest, obj=0x00437280, nm=s2Final
          0| [123] | UT  | EXPECT     : (262), SM_INIT: ist=waiting
          0| [124] | UT  | EXPECT     : (264), SM_TRN: sst=waiting, tst=waiting
          0| [125] | UT  | EXPECT     : (265), SM_TS_STATE: st=waiting
          0| [126] | UT  | EXPECT     : (266), SM_ENSTATE: st=waiting
          0| [127] | UT  | EXPECT     : (269), SM_NENEX: nen=1, nex=0
          0| [128] | UT  | EXPECT     : (271), SM_STATE: nxtst=waiting
          0| [129] | UT  | EXPECT     : (272), SM_EVT_PROC:  
          0| [130] | UT  | EXPECT     : (516), SM_DCH: sig=A, st=s31
          0| [131] | UT  | EXPECT     : (517), SM_TRN: sst=s3, tst=s3
          0| [132] | UT  | EXPECT     : (518), SM_TS_STATE: st=s3
          0| [133] | UT  | EXPECT     : (519), SM_EXSTATE: st=s31
          0| [134] | UT  | EXPECT     : (520), SM_TS_STATE: st=s31
          0| [135] | UT  | EXPECT     : (521), SM_ENSTATE: st=s31
          0| [136] | UT  | EXPECT     : (522), SM_NENEX: nen=1, nex=1
          0| [137] | UT  | EXPECT     : (523), SM_STATE: nxtst=s31
          0| [138] | UT  | EXPECT     : (524), SM_EVT_PROC:  
          0| [139] | SM  | INIT       : ao=smTest, ist=waiting
          0| [140] | SM  | TRN        : ao=smTest, sst=waiting, tst=waiting
          0| [141] | SM  | TS_STATE   : ao=smTest, st=waiting
          0| [142] | SM  | ENSTATE    : ao=smTest, st=waiting
          0| [143] | SM  | NENEX      : ao=smTest, nen=1, nex=0
          0| [144] | SM  | STATE      : ao=smTest, nxtst=waiting
          0| [145] | SM  | EVT_PROC   : ao=smTest
          0| [146] | SM  | DCH        : ao=smTest, sig=A, st=s31
          0| [147] | SM  | TRN        : ao=smTest, sst=s3, tst=s3
          0| [148] | SM  | TS_STATE   : ao=smTest, st=s3
          0| [149] | SM  | EXSTATE    : ao=smTest, st=s31
          0| [150] | SM  | TS_STATE   : ao=smTest, st=s31
          0| [151] | SM  | ENSTATE    : ao=smTest, st=s31
          0| [152] | SM  | NENEX      : ao=smTest, nen=1, nex=1
          0| [153] | SM  | STATE      : ao=smTest, nxtst=s31
          0| [154] | SM  | EVT_PROC   : ao=smTest
          0| [155] | UT  | VERIFY     : (499)
          0| [156] | UT  | CLEANUP    : (499)
          0| [157] | FWK | SIG        : sig=0, nm=A
          0| [158] | FWK | SIG        : sig=1, nm=B
          0| [159] | FWK | SIG        : sig=2, nm=C
          0| [160] | FWK | SIG        : sig=3, nm=D
          0| [161] | FWK | SIG        : sig=4, nm=E
          0| [162] | FWK | SIG        : sig=5, nm=F
          0| [163] | FWK | AO         : obj=0x0064A400, nm=smTest
          0| [164] | FWK | STATE      : ao=smTest, obj=0x00436F80, nm=waiting
          0| [165] | FWK | STATE      : ao=smTest, obj=0x00437020, nm=s0
          0| [166] | FWK | STATE      : ao=smTest, obj=0x00437160, nm=s1
          0| [167] | FWK | STATE      : ao=smTest, obj=0x00437320, nm=s2
          0| [168] | FWK | STATE      : ao=smTest, obj=0x00437440, nm=s21
          0| [169] | FWK | STATE      : ao=smTest, obj=0x004375E0, nm=s22
          0| [170] | FWK | STATE      : ao=smTest, obj=0x004377A0, nm=s221
          0| [171] | FWK | STATE      : ao=smTest, obj=0x00437840, nm=s2211
          0| [172] | FWK | STATE      : ao=smTest, obj=0x004378C0, nm=s222
          0| [173] | FWK | STATE      : ao=smTest, obj=0x00437960, nm=s2221
          0| [174] | FWK | STATE      : ao=smTest, obj=0x00437A00, nm=s22211
          0| [175] | FWK | STATE      : ao=smTest, obj=0x00437B40, nm=s3
          0| [176] | FWK | STATE      : ao=smTest, obj=0x00437C60, nm=s31
          0| [177] | FWK | STATE      : ao=smTest, obj=0x00437D00, nm=s4
          0| [178] | FWK | STATE      : ao=smTest, obj=0x00437E40, nm=s5
          0| [179] | FWK | STATE      : ao=smTest, obj=0x00437280, nm=s2Final
          0| [180] | UT  | EXPECT     : (262), SM_INIT: ist=waiting
          0| [181] | UT  | EXPECT     : (264), SM_TRN: sst=waiting, tst=waiting
          0| [182] | UT  | EXPECT     : (265), SM_TS_STATE: st=waiting
          0| [183] | UT  | EXPECT     : (266), SM_ENSTATE: st=waiting
          0| [184] | UT  | EXPECT     : (269), SM_NENEX: nen=1, nex=0
          0| [185] | UT  | EXPECT     : (271), SM_STATE: nxtst=waiting
          0| [186] | UT  | EXPECT     : (272), SM_EVT_PROC:  
          0| [187] | UT  | EXPECT     : (555), SM_DCH: sig=D, st=s2211
          0| [188] | UT  | EXPECT     : (556), SM_TRN: sst=s22, tst=s22
          0| [189] | UT  | EXPECT     : (557), SM_TS_STATE: st=s22
          0| [190] | UT  | EXPECT     : (558), SM_EXSTATE: st=s2211
          0| [191] | UT  | EXPECT     : (559), SM_EXSTATE: st=s221
          0| [192] | UT  | EXPECT     : (560), SM_TS_STATE: st=s221
          0| [193] | UT  | EXPECT     : (561), SM_ENSTATE: st=s221
          0| [194] | UT  | EXPECT     : (562), SM_TS_STATE: st=s2211
          0| [195] | UT  | EXPECT     : (563), SM_ENSTATE: st=s2211
          0| [196] | UT  | EXPECT     : (564), SM_NENEX: nen=2, nex=2
          0| [197] | UT  | EXPECT     : (565), SM_STATE: nxtst=s2211
          0| [198] | UT  | EXPECT     : (566), SM_EVT_PROC:  
          0| [199] | SM  | INIT       : ao=smTest, ist=waiting
          0| [200] | SM  | TRN        : ao=smTest, sst=waiting, tst=waiting
          0| [201] | SM  | TS_STATE   : ao=smTest, st=waiting
          0| [202] | SM  | ENSTATE    : ao=smTest, st=waiting
          0| [203] | SM  | NENEX      : ao=smTest, nen=1, nex=0
          0| [204] | SM  | STATE      : ao=smTest, nxtst=waiting
          0| [205] | SM  | EVT_PROC   : ao=smTest
          0| [206] | SM  | DCH        : ao=smTest, sig=D, st=s2211
          0| [207] | SM  | TRN        : ao=smTest, sst=s22, tst=s22
          0| [208] | SM  | TS_STATE   : ao=smTest, st=s22
          0| [209] | SM  | EXSTATE    : ao=smTest, st=s2211
          0| [210] | SM  | EXSTATE    : ao=smTest, st=s221
          0| [211] | SM  | TS_STATE   : ao=smTest, st=s221
          0| [212] | SM  | ENSTATE    : ao=smTest, st=s221
          0| [213] | SM  | TS_STATE   : ao=smTest, st=s2211
          0| [214] | SM  | ENSTATE    : ao=smTest, st=s2211
          0| [215] | SM  | NENEX      : ao=smTest, nen=2, nex=2
          0| [216] | SM  | STATE      : ao=smTest, nxtst=s2211
          0| [217] | SM  | EVT_PROC   : ao=smTest
          0| [218] | UT  | VERIFY     : (535)
          0| [219] | UT  | CLEANUP    : (535)
          0| [220] | FWK | SIG        : sig=0, nm=A
          0| [221] | FWK | SIG        : sig=1, nm=B
          0| [222] | FWK | SIG        : sig=2, nm=C
          0| [223] | FWK | SIG        : sig=3, nm=D
          0| [224] | FWK | SIG        : sig=4, nm=E
          0| [225] | FWK | SIG        : sig=5, nm=F
          0| [226] | FWK | AO         : obj=0x0064A400, nm=smTest
          0| [227] | FWK | STATE      : ao=smTest, obj=0x00436F80, nm=waiting
          0| [228] | FWK | STATE      : ao=smTest, obj=0x00437020, nm=s0
          0| [229] | FWK | STATE      : ao=smTest, obj=0x00437160, nm=s1
          0| [230] | FWK | STATE      : ao=smTest, obj=0x00437320, nm=s2
          0| [231] | FWK | STATE      : ao=smTest, obj=0x00437440, nm=s21
          0| [232] | FWK | STATE      : ao=smTest, obj=0x004375E0, nm=s22
          0| [233] | FWK | STATE      : ao=smTest, obj=0x004377A0, nm=s221
          0| [234] | FWK | STATE      : ao=smTest, obj=0x00437840, nm=s2211
          0| [235] | FWK | STATE      : ao=smTest, obj=0x004378C0, nm=s222
          0| [236] | FWK | STATE      : ao=smTest, obj=0x00437960, nm=s2221
          0| [237] | FWK | STATE      : ao=smTest, obj=0x00437A00, nm=s22211
          0| [238] | FWK | STATE      : ao=smTest, obj=0x00437B40, nm=s3
          0| [239] | FWK | STATE      : ao=smTest, obj=0x00437C60, nm=s31
          0| [240] | FWK | STATE      : ao=smTest, obj=0x00437D00, nm=s4
          0| [241] | FWK | STATE      : ao=smTest, obj=0x00437E40, nm=s5
          0| [242] | FWK | STATE      : ao=smTest, obj=0x00437280, nm=s2Final
          0| [243] | UT  | EXPECT     : (262), SM_INIT: ist=waiting
          0| [244] | UT  | EXPECT     : (264), SM_TRN: sst=waiting, tst=waiting
          0| [245] | UT  | EXPECT     : (265), SM_TS_STATE: st=waiting
          0| [246] | UT  | EXPECT     : (266), SM_ENSTATE: st=waiting
          0| [247] | UT  | EXPECT     : (269), SM_NENEX: nen=1, nex=0
          0| [248] | UT  | EXPECT     : (271), SM_STATE: nxtst=waiting
          0| [249] | UT  | EXPECT     : (272), SM_EVT_PROC:  
          0| [250] | UT  | EXPECT     : (141), SM_DCH: sig=B, st=s221
          0| [251] | UT  | EXPECT     : (143), SM_TRN: sst=s22, tst=s0
          0| [252] | UT  | EXPECT     : (84), SM_TS_STATE: st=s0
          0| [253] | UT  | EXPECT     : (87), SM_EXSTATE: st=s221
          0| [254] | UT  | EXPECT     : (87), SM_EXSTATE: st=s22
          0| [255] | UT  | EXPECT     : (87), SM_EXSTATE: st=s2
          0| [  0] | UT  | EXPECT     : (90), SM_ENSTATE: st=s0
          0| [  1] | UT  | EXPECT     : (161), SM_NENEX: nen=1, nex=3
          0| [  2] | UT  | EXPECT     : (163), SM_STATE: nxtst=s0
          0| [  3] | UT  | EXPECT     : (165), SM_EVT_PROC:  
          0| [  4] | SM  | INIT       : ao=smTest, ist=waiting
          0| [  5] | SM  | TRN        : ao=smTest, sst=waiting, tst=waiting
          0| [  6] | SM  | TS_STATE   : ao=smTest, st=waiting
          0| [  7] | SM  | ENSTATE    : ao=smTest, st=waiting
          0| [  8] | SM  | NENEX      : ao=smTest, nen=1, nex=0
          0| [  9] | SM  | STATE      : ao=smTest, nxtst=waiting
          0| [ 10] | SM  | EVT_PROC   : ao=smTest
          0| [ 11] | SM  | DCH        : ao=smTest, sig=B, st=s221
          0| [ 12] | SM  | TRN        : ao=smTest, sst=s22, tst=s0
          0| [ 13] | SM  | TS_STATE   : ao=smTest, st=s0
          0| [ 14] | SM  | EXSTATE    : ao=smTest, st=s221
          0| [ 15] | SM  | EXSTATE    : ao=smTest, st=s22
          0| [ 16] | SM  | EXSTATE    : ao=smTest, st=s2
          0| [ 17] | SM  | ENSTATE    : ao=smTest, st=s0
          0| [ 18] | SM  | NENEX      : ao=smTest, nen=1, nex=3
          0| [ 19] | SM  | STATE      : ao=smTest, nxtst=s0
          0| [ 20] | SM  | EVT_PROC   : ao=smTest
          0| [ 21] | UT  | VERIFY     : (577)
          0| [ 22] | UT  | CLEANUP    : (577)
          0| [ 23] | FWK | SIG        : sig=0, nm=A
          0| [ 24] | FWK | SIG        : sig=1, nm=B
          0| [ 25] | FWK | SIG        : sig=2, nm=C
          0| [ 26] | FWK | SIG        : sig=3, nm=D
          0| [ 27] | FWK | SIG        : sig=4, nm=E
          0| [ 28] | FWK | SIG        : sig=5, nm=F
          0| [ 29] | FWK | AO         : obj=0x0064A400, nm=smTest
          0| [ 30] | FWK | STATE      : ao=smTest, obj=0x00436F80, nm=waiting
          0| [ 31] | FWK | STATE      : ao=smTest, obj=0x00437020, nm=s0
          0| [ 32] | FWK | STATE      : ao=smTest, obj=0x00437160, nm=s1
          0| [ 33] | FWK | STATE      : ao=smTest, obj=0x00437320, nm=s2
          0| [ 34] | FWK | STATE      : ao=smTest, obj=0x00437440, nm=s21
          0| [ 35] | FWK | STATE      : ao=smTest, obj=0x004375E0, nm=s22
          0| [ 36] | FWK | STATE      : ao=smTest, obj=0x004377A0, nm=s221
          0| [ 37] | FWK | STATE      : ao=smTest, obj=0x00437840, nm=s2211
          0| [ 38] | FWK | STATE      : ao=smTest, obj=0x004378C0, nm=s222
          0| [ 39] | FWK | STATE      : ao=smTest, obj=0x00437960, nm=s2221
          0| [ 40] | FWK | STATE      : ao=smTest, obj=0x00437A00, nm=s22211
          0| [ 41] | FWK | STATE      : ao=smTest, obj=0x00437B40, nm=s3
          0| [ 42] | FWK | STATE      : ao=smTest, obj=0x00437C60, nm=s31
          0| [ 43] | FWK | STATE      : ao=smTest, obj=0x00437D00, nm=s4
          0| [ 44] | FWK | STATE      : ao=smTest, obj=0x00437E40, nm=s5
          0| [ 45] | FWK | STATE      : ao=smTest, obj=0x00437280, nm=s2Final
          0| [ 46] | UT  | EXPECT     : (262), SM_INIT: ist=waiting
          0| [ 47] | UT  | EXPECT     : (264), SM_TRN: sst=waiting, tst=waiting
          0| [ 48] | UT  | EXPECT     : (265), SM_TS_STATE: st=waiting
          0| [ 49] | UT  | EXPECT     : (266), SM_ENSTATE: st=waiting
          0| [ 50] | UT  | EXPECT     : (269), SM_NENEX: nen=1, nex=0
          0| [ 51] | UT  | EXPECT     : (271), SM_STATE: nxtst=waiting
          0| [ 52] | UT  | EXPECT     : (272), SM_EVT_PROC:  
          0| [ 53] | UT  | EXPECT     : (624), SM_DCH: sig=B, st=s31
          0| [ 54] | UT  | EXPECT     : (625), SM_TRN: sst=s3, tst=s2
          0| [ 55] | UT  | EXPECT     : (626), SM_TS_STATE: st=s2
          0| [ 56] | UT  | EXPECT     : (627), SM_EXSTATE: st=s31
          0| [ 57] | UT  | EXPECT     : (628), SM_EXSTATE: st=s3
          0| [ 58] | UT  | EXPECT     : (629), SM_ENSTATE: st=s2
          0| [ 59] | UT  | EXPECT     : (630), SM_TS_STATE: st=s21
          0| [ 60] | UT  | EXPECT     : (631), SM_ENSTATE: st=s21
          0| [ 61] | UT  | EXPECT     : (632), SM_NENEX: nen=2, nex=2
          0| [ 62] | UT  | EXPECT     : (633), SM_STATE: nxtst=s21
          0| [ 63] | UT  | EXPECT     : (634), SM_EVT_PROC:  
          0| [ 64] | SM  | INIT       : ao=smTest, ist=waiting
          0| [ 65] | SM  | TRN        : ao=smTest, sst=waiting, tst=waiting
          0| [ 66] | SM  | TS_STATE   : ao=smTest, st=waiting
          0| [ 67] | SM  | ENSTATE    : ao=smTest, st=waiting
          0| [ 68] | SM  | NENEX      : ao=smTest, nen=1, nex=0
          0| [ 69] | SM  | STATE      : ao=smTest, nxtst=waiting
          0| [ 70] | SM  | EVT_PROC   : ao=smTest
          0| [ 71] | SM  | DCH        : ao=smTest, sig=B, st=s31
          0| [ 72] | SM  | TRN        : ao=smTest, sst=s3, tst=s2
          0| [ 73] | SM  | TS_STATE   : ao=smTest, st=s2
          0| [ 74] | SM  | EXSTATE    : ao=smTest, st=s31
          0| [ 75] | SM  | EXSTATE    : ao=smTest, st=s3
          0| [ 76] | SM  | ENSTATE    : ao=smTest, st=s2
          0| [ 77] | SM  | TS_STATE   : ao=smTest, st=s21
          0| [ 78] | SM  | ENSTATE    : ao=smTest, st=s21
          0| [ 79] | SM  | NENEX      : ao=smTest, nen=2, nex=2
          0| [ 80] | SM  | STATE      : ao=smTest, nxtst=s21
          0| [ 81] | SM  | EVT_PROC   : ao=smTest
          0| [ 82] | UT  | VERIFY     : (605)
          0| [ 83] | UT  | CLEANUP    : (605)
          0| [ 84] | FWK | SIG        : sig=0, nm=A
          0| [ 85] | FWK | SIG        : sig=1, nm=B
          0| [ 86] | FWK | SIG        : sig=2, nm=C
          0| [ 87] | FWK | SIG        : sig=3, nm=D
          0| [ 88] | FWK | SIG        : sig=4, nm=E
          0| [ 89] | FWK | SIG        : sig=5, nm=F
          0| [ 90] | FWK | AO         : obj=0x0064A400, nm=smTest
          0| [ 91] | FWK | STATE      : ao=smTest, obj=0x00436F80, nm=waiting
          0| [ 92] | FWK | STATE      : ao=smTest, obj=0x00437020, nm=s0
          0| [ 93] | FWK | STATE      : ao=smTest, obj=0x00437160, nm=s1
          0| [ 94] | FWK | STATE      : ao=smTest, obj=0x00437320, nm=s2
          0| [ 95] | FWK | STATE      : ao=smTest, obj=0x00437440, nm=s21
          0| [ 96] | FWK | STATE      : ao=smTest, obj=0x004375E0, nm=s22
          0| [ 97] | FWK | STATE      : ao=smTest, obj=0x004377A0, nm=s221
          0| [ 98] | FWK | STATE      : ao=smTest, obj=0x00437840, nm=s2211
          0| [ 99] | FWK | STATE      : ao=smTest, obj=0x004378C0, nm=s222
          0| [100] | FWK | STATE      : ao=smTest, obj=0x00437960, nm=s2221
          0| [101] | FWK | STATE      : ao=smTest, obj=0x00437A00, nm=s22211
          0| [102] | FWK | STATE      : ao=smTest, obj=0x00437B40, nm=s3
          0| [103] | FWK | STATE      : ao=smTest, obj=0x00437C60, nm=s31
          0| [104] | FWK | STATE      : ao=smTest, obj=0x00437D00, nm=s4
          0| [105] | FWK | STATE      : ao=smTest, obj=0x00437E40, nm=s5
          0| [106] | FWK | STATE      : ao=smTest, obj=0x00437280, nm=s2Final
          0| [107] | UT  | EXPECT     : (262), SM_INIT: ist=waiting
          0| [108] | UT  | EXPECT     : (264), SM_TRN: sst=waiting, tst=waiting
          0| [109] | UT  | EXPECT     : (265), SM_TS_STATE: st=waiting
          0| [110] | UT  | EXPECT     : (266), SM_ENSTATE: st=waiting
          0| [111] | UT  | EXPECT     : (269), SM_NENEX: nen=1, nex=0
          0| [112] | UT  | EXPECT     : (271), SM_STATE: nxtst=waiting
          0| [113] | UT  | EXPECT     : (272), SM_EVT_PROC:  
          0| [114] | UT  | EXPECT     : (667), SM_DCH: sig=C, st=s31
          0| [115] | UT  | EXPECT     : (668), SM_TRN: sst=s3, tst=s22
          0| [116] | UT  | EXPECT     : (669), SM_TS_STATE: st=s22
          0| [117] | UT  | EXPECT     : (670), SM_EXSTATE: st=s31
          0| [118] | UT  | EXPECT     : (671), SM_EXSTATE: st=s3
          0| [119] | UT  | EXPECT     : (672), SM_ENSTATE: st=s2
          0| [120] | UT  | EXPECT     : (673), SM_ENSTATE: st=s22
          0| [121] | UT  | EXPECT     : (674), SM_TS_STATE: st=s221
          0| [122] | UT  | EXPECT     : (675), SM_ENSTATE: st=s221
          0| [123] | UT  | EXPECT     : (676), SM_TS_STATE: st=s2211
          0| [124] | UT  | EXPECT     : (677), SM_ENSTATE: st=s2211
          0| [125] | UT  | EXPECT     : (678), SM_NENEX: nen=4, nex=2
          0| [126] | UT  | EXPECT     : (679), SM_STATE: nxtst=s2211
          0| [127] | UT  | EXPECT     : (680), SM_EVT_PROC:  
          0| [128] | SM  | INIT       : ao=smTest, ist=waiting
          0| [129] | SM  | TRN        : ao=smTest, sst=waiting, tst=waiting
          0| [130] | SM  | TS_STATE   : ao=smTest, st=waiting
          0| [131] | SM  | ENSTATE    : ao=smTest, st=waiting
          0| [132] | SM  | NENEX      : ao=smTest, nen=1, nex=0
          0| [133] | SM  | STATE      : ao=smTest, nxtst=waiting
          0| [134] | SM  | EVT_PROC   : ao=smTest
          0| [135] | SM  | DCH        : ao=smTest, sig=C, st=s31
          0| [136] | SM  | TRN        : ao=smTest, sst=s3, tst=s22
          0| [137] | SM  | TS_STATE   : ao=smTest, st=s22
          0| [138] | SM  | EXSTATE    : ao=smTest, st=s31
          0| [139] | SM  | EXSTATE    : ao=smTest, st=s3
          0| [140] | SM  | ENSTATE    : ao=smTest, st=s2
          0| [141] | SM  | ENSTATE    : ao=smTest, st=s22
          0| [142] | SM  | TS_STATE   : ao=smTest, st=s221
          0| [143] | SM  | ENSTATE    : ao=smTest, st=s221
          0| [144] | SM  | TS_STATE   : ao=smTest, st=s2211
          0| [145] | SM  | ENSTATE    : ao=smTest, st=s2211
          0| [146] | SM  | NENEX      : ao=smTest, nen=4, nex=2
          0| [147] | SM  | STATE      : ao=smTest, nxtst=s2211
          0| [148] | SM  | EVT_PROC   : ao=smTest
          0| [149] | UT  | VERIFY     : (645)
          0| [150] | UT  | CLEANUP    : (645)
          0| [151] | FWK | SIG        : sig=0, nm=A
          0| [152] | FWK | SIG        : sig=1, nm=B
          0| [153] | FWK | SIG        : sig=2, nm=C
          0| [154] | FWK | SIG        : sig=3, nm=D
          0| [155] | FWK | SIG        : sig=4, nm=E
          0| [156] | FWK | SIG        : sig=5, nm=F
          0| [157] | FWK | AO         : obj=0x0064A400, nm=smTest
          0| [158] | FWK | STATE      : ao=smTest, obj=0x00436F80, nm=waiting
          0| [159] | FWK | STATE      : ao=smTest, obj=0x00437020, nm=s0
          0| [160] | FWK | STATE      : ao=smTest, obj=0x00437160, nm=s1
          0| [161] | FWK | STATE      : ao=smTest, obj=0x00437320, nm=s2
          0| [162] | FWK | STATE      : ao=smTest, obj=0x00437440, nm=s21
          0| [163] | FWK | STATE      : ao=smTest, obj=0x004375E0, nm=s22
          0| [164] | FWK | STATE      : ao=smTest, obj=0x004377A0, nm=s221
          0| [165] | FWK | STATE      : ao=smTest, obj=0x00437840, nm=s2211
          0| [166] | FWK | STATE      : ao=smTest, obj=0x004378C0, nm=s222
          0| [167] | FWK | STATE      : ao=smTest, obj=0x00437960, nm=s2221
          0| [168] | FWK | STATE      : ao=smTest, obj=0x00437A00, nm=s22211
          0| [169] | FWK | STATE      : ao=smTest, obj=0x00437B40, nm=s3
          0| [170] | FWK | STATE      : ao=smTest, obj=0x00437C60, nm=s31
          0| [171] | FWK | STATE      : ao=smTest, obj=0x00437D00, nm=s4
          0| [172] | FWK | STATE      : ao=smTest, obj=0x00437E40, nm=s5
          0| [173] | FWK | STATE      : ao=smTest, obj=0x00437280, nm=s2Final
          0| [174] | UT  | EXPECT     : (262), SM_INIT: ist=waiting
          0| [175] | UT  | EXPECT     : (264), SM_TRN: sst=waiting, tst=waiting
          0| [176] | UT  | EXPECT     : (265), SM_TS_STATE: st=waiting
          0| [177] | UT  | EXPECT     : (266), SM_ENSTATE: st=waiting
          0| [178] | UT  | EXPECT     : (269), SM_NENEX: nen=1, nex=0
          0| [179] | UT  | EXPECT     : (271), SM_STATE: nxtst=waiting
          0| [180] | UT  | EXPECT     : (272), SM_EVT_PROC:  
          0| [181] | UT  | EXPECT     : (712), SM_DCH: sig=C, st=s2211
          0| [182] | UT  | EXPECT     : (713), SM_TRN: sst=s22, tst=s3
          0| [183] | UT  | EXPECT     : (714), SM_TS_STATE: st=s3
          0| [184] | UT  | EXPECT     : (715), SM_EXSTATE: st=s2211
          0| [185] | UT  | EXPECT     : (716), SM_EXSTATE: st=s221
          0| [186] | UT  | EXPECT     : (717), SM_EXSTATE: st=s22
          0| [187] | UT  | EXPECT     : (718), SM_EXSTATE: st=s2
          0| [188] | UT  | EXPECT     : (719), SM_ENSTATE: st=s3
          0| [189] | UT  | EXPECT     : (720), SM_TS_STATE: st=s31
          0| [190] | UT  | EXPECT     : (721), SM_ENSTATE: st=s31
          0| [191] | UT  | EXPECT     : (722), SM_NENEX: nen=2, nex=4
          0| [192] | UT  | EXPECT     : (723), SM_STATE: nxtst=s31
          0| [193] | UT  | EXPECT     : (724), SM_EVT_PROC:  
          0| [194] | SM  | INIT       : ao=smTest, ist=waiting
          0| [195] | SM  | TRN        : ao=smTest, sst=waiting, tst=waiting
          0| [196] | SM  | TS_STATE   : ao=smTest, st=waiting
          0| [197] | SM  | ENSTATE    : ao=smTest, st=waiting
          0| [198] | SM  | NENEX      : ao=smTest, nen=1, nex=0
          0| [199] | SM  | STATE      : ao=smTest, nxtst=waiting
          0| [200] | SM  | EVT_PROC   : ao=smTest
          0| [201] | SM  | DCH        : ao=smTest, sig=C, st=s2211
          0| [202] | SM  | TRN        : ao=smTest, sst=s22, tst=s3
          0| [203] | SM  | TS_STATE   : ao=smTest, st=s3
          0| [204] | SM  | EXSTATE    : ao=smTest, st=s2211
          0| [205] | SM  | EXSTATE    : ao=smTest, st=s221
          0| [206] | SM  | EXSTATE    : ao=smTest, st=s22
          0| [207] | SM  | EXSTATE    : ao=smTest, st=s2
          0| [208] | SM  | ENSTATE    : ao=smTest, st=s3
          0| [209] | SM  | TS_STATE   : ao=smTest, st=s31
          0| [210] | SM  | ENSTATE    : ao=smTest, st=s31
          0| [211] | SM  | NENEX      : ao=smTest, nen=2, nex=4
          0| [212] | SM  | STATE      : ao=smTest, nxtst=s31
          0| [213] | SM  | EVT_PROC   : ao=smTest
          0| [214] | UT  | VERIFY     : (691)
          0| [215] | UT  | CLEANUP    : (691)
          0| [216] | FWK | SIG        : sig=0, nm=A
          0| [217] | FWK | SIG        : sig=1, nm=B
          0| [218] | FWK | SIG        : sig=2, nm=C
          0| [219] | FWK | SIG        : sig=3, nm=D
          0| [220] | FWK | SIG        : sig=4, nm=E
          0| [221] | FWK | SIG        : sig=5, nm=F
          0| [222] | FWK | AO         : obj=0x0064A400, nm=smTest
          0| [223] | FWK | STATE      : ao=smTest, obj=0x00436F80, nm=waiting
          0| [224] | FWK | STATE      : ao=smTest, obj=0x00437020, nm=s0
          0| [225] | FWK | STATE      : ao=smTest, obj=0x00437160, nm=s1
          0| [226] | FWK | STATE      : ao=smTest, obj=0x00437320, nm=s2
          0| [227] | FWK | STATE      : ao=smTest, obj=0x00437440, nm=s21
          0| [228] | FWK | STATE      : ao=smTest, obj=0x004375E0, nm=s22
          0| [229] | FWK | STATE      : ao=smTest, obj=0x004377A0, nm=s221
          0| [230] | FWK | STATE      : ao=smTest, obj=0x00437840, nm=s2211
          0| [231] | FWK | STATE      : ao=smTest, obj=0x004378C0, nm=s222
          0| [232] | FWK | STATE      : ao=smTest, obj=0x00437960, nm=s2221
          0| [233] | FWK | STATE      : ao=smTest, obj=0x00437A00, nm=s22211
          0| [234] | FWK | STATE      : ao=smTest, obj=0x00437B40, nm=s3
          0| [235] | FWK | STATE      : ao=smTest, obj=0x00437C60, nm=s31
          0| [236] | FWK | STATE      : ao=smTest, obj=0x00437D00, nm=s4
          0| [237] | FWK | STATE      : ao=smTest, obj=0x00437E40, nm=s5
          0| [238] | FWK | STATE      : ao=smTest, obj=0x00437280, nm=s2Final
          0| [239] | UT  | EXPECT     : (262), SM_INIT: ist=waiting
          0| [240] | UT  | EXPECT     : (264), SM_TRN: sst=waiting, tst=waiting
          0| [241] | UT  | EXPECT     : (265), SM_TS_STATE: st=waiting
          0| [242] | UT  | EXPECT     : (266), SM_ENSTATE: st=waiting
          0| [243] | UT  | EXPECT     : (269), SM_NENEX: nen=1, nex=0
          0| [244] | UT  | EXPECT     : (271), SM_STATE: nxtst=waiting
          0| [245] | UT  | EXPECT     : (272), SM_EVT_PROC:  
          0| [246] | UT  | EXPECT     : (141), SM_DCH: sig=B, st=s1
          0| [247] | UT  | EXPECT     : (143), SM_TRN: sst=s1, tst=s1
          0| [248] | UT  | EXPECT     : (165), SM_EVT_PROC:  
          0| [249] | SM  | INIT       : ao=smTest, ist=waiting
          0| [250] | SM  | TRN        : ao=smTest, sst=waiting, tst=waiting
          0| [251] | SM  | TS_STATE   : ao=smTest, st=waiting
          0| [252] | SM  | ENSTATE    : ao=smTest, st=waiting
          0| [253] | SM  | NENEX      : ao=smTest, nen=1, nex=0
          0| [254] | SM  | STATE      : ao=smTest, nxtst=waiting
          0| [255] | SM  | EVT_PROC   : ao=smTest
          0| [  0] | SM  | DCH        : ao=smTest, sig=B, st=s1
          0| [  1] | SM  | TRN        : ao=smTest, sst=s1, tst=s1
          0| [  2] | SM  | EVT_PROC   : ao=smTest
          0| [  3] | UT  | VERIFY     : (735)
          0| [  4] | UT  | CLEANUP    : (735)
          0| [  5] | FWK | SIG        : sig=0, nm=A
          0| [  6] | FWK | SIG        : sig=1, nm=B
          0| [  7] | FWK | SIG        : sig=2, nm=C
          0| [  8] | FWK | SIG        : sig=3, nm=D
          0| [  9] | FWK | SIG        : sig=4, nm=E
          0| [ 10] | FWK | SIG        : sig=5, nm=F
          0| [ 11] | FWK | AO         : obj=0x0064A400, nm=smTest
          0| [ 12] | FWK | STATE      : ao=smTest, obj=0x00436F80, nm=waiting
          0| [ 13] | FWK | STATE      : ao=smTest, obj=0x00437020, nm=s0
          0| [ 14] | FWK | STATE      : ao=smTest, obj=0x00437160, nm=s1
          0| [ 15] | FWK | STATE      : ao=smTest, obj=0x00437320, nm=s2
          0| [ 16] | FWK | STATE      : ao=smTest, obj=0x00437440, nm=s21
          0| [ 17] | FWK | STATE      : ao=smTest, obj=0x004375E0, nm=s22
          0| [ 18] | FWK | STATE      : ao=smTest, obj=0x004377A0, nm=s221
          0| [ 19] | FWK | STATE      : ao=smTest, obj=0x00437840, nm=s2211
          0| [ 20] | FWK | STATE      : ao=smTest, obj=0x004378C0, nm=s222
          0| [ 21] | FWK | STATE      : ao=smTest, obj=0x00437960, nm=s2221
          0| [ 22] | FWK | STATE      : ao=smTest, obj=0x00437A00, nm=s22211
          0| [ 23] | FWK | STATE      : ao=smTest, obj=0x00437B40, nm=s3
          0| [ 24] | FWK | STATE      : ao=smTest, obj=0x00437C60, nm=s31
          0| [ 25] | FWK | STATE      : ao=smTest, obj=0x00437D00, nm=s4
          0| [ 26] | FWK | STATE      : ao=smTest, obj=0x00437E40, nm=s5
          0| [ 27] | FWK | STATE      : ao=smTest, obj=0x00437280, nm=s2Final
          0| [ 28] | UT  | EXPECT     : (262), SM_INIT: ist=waiting
          0| [ 29] | UT  | EXPECT     : (264), SM_TRN: sst=waiting, tst=waiting
          0| [ 30] | UT  | EXPECT     : (265), SM_TS_STATE: st=waiting
          0| [ 31] | UT  | EXPECT     : (266), SM_ENSTATE: st=waiting
          0| [ 32] | UT  | EXPECT     : (269), SM_NENEX: nen=1, nex=0
          0| [ 33] | UT  | EXPECT     : (271), SM_STATE: nxtst=waiting
          0| [ 34] | UT  | EXPECT     : (272), SM_EVT_PROC:  
          0| [ 35] | UT  | EXPECT     : (141), SM_DCH: sig=E, st=s31
          0| [ 36] | UT  | EXPECT     : (143), SM_TRN: sst=s3, tst=s3
          0| [ 37] | UT  | EXPECT     : (165), SM_EVT_PROC:  
          0| [ 38] | SM  | INIT       : ao=smTest, ist=waiting
          0| [ 39] | SM  | TRN        : ao=smTest, sst=waiting, tst=waiting
          0| [ 40] | SM  | TS_STATE   : ao=smTest, st=waiting
          0| [ 41] | SM  | ENSTATE    : ao=smTest, st=waiting
          0| [ 42] | SM  | NENEX      : ao=smTest, nen=1, nex=0
          0| [ 43] | SM  | STATE      : ao=smTest, nxtst=waiting
          0| [ 44] | SM  | EVT_PROC   : ao=smTest
          0| [ 45] | SM  | DCH        : ao=smTest, sig=E, st=s31
          0| [ 46] | SM  | TRN        : ao=smTest, sst=s3, tst=s3
          0| [ 47] | SM  | EVT_PROC   : ao=smTest
          0| [ 48] | UT  | VERIFY     : (759)
          0| [ 49] | UT  | CLEANUP    : (759)
          0| [ 50] | FWK | SIG        : sig=0, nm=A
          0| [ 51] | FWK | SIG        : sig=1, nm=B
          0| [ 52] | FWK | SIG        : sig=2, nm=C
          0| [ 53] | FWK | SIG        : sig=3, nm=D
          0| [ 54] | FWK | SIG        : sig=4, nm=E
          0| [ 55] | FWK | SIG        : sig=5, nm=F
          0| [ 56] | FWK | AO         : obj=0x0064A400, nm=smTest
          0| [ 57] | FWK | STATE      : ao=smTest, obj=0x00436F80, nm=waiting
          0| [ 58] | FWK | STATE      : ao=smTest, obj=0x00437020, nm=s0
          0| [ 59] | FWK | STATE      : ao=smTest, obj=0x00437160, nm=s1
          0| [ 60] | FWK | STATE      : ao=smTest, obj=0x00437320, nm=s2
          0| [ 61] | FWK | STATE      : ao=smTest, obj=0x00437440, nm=s21
          0| [ 62] | FWK | STATE      : ao=smTest, obj=0x004375E0, nm=s22
          0| [ 63] | FWK | STATE      : ao=smTest, obj=0x004377A0, nm=s221
          0| [ 64] | FWK | STATE      : ao=smTest, obj=0x00437840, nm=s2211
          0| [ 65] | FWK | STATE      : ao=smTest, obj=0x004378C0, nm=s222
          0| [ 66] | FWK | STATE      : ao=smTest, obj=0x00437960, nm=s2221
          0| [ 67] | FWK | STATE      : ao=smTest, obj=0x00437A00, nm=s22211
          0| [ 68] | FWK | STATE      : ao=smTest, obj=0x00437B40, nm=s3
          0| [ 69] | FWK | STATE      : ao=smTest, obj=0x00437C60, nm=s31
          0| [ 70] | FWK | STATE      : ao=smTest, obj=0x00437D00, nm=s4
          0| [ 71] | FWK | STATE      : ao=smTest, obj=0x00437E40, nm=s5
          0| [ 72] | FWK | STATE      : ao=smTest, obj=0x00437280, nm=s2Final
          0| [ 73] | UT  | EXPECT     : (262), SM_INIT: ist=waiting
          0| [ 74] | UT  | EXPECT     : (264), SM_TRN: sst=waiting, tst=waiting
          0| [ 75] | UT  | EXPECT     : (265), SM_TS_STATE: st=waiting
          0| [ 76] | UT  | EXPECT     : (266), SM_ENSTATE: st=waiting
          0| [ 77] | UT  | EXPECT     : (269), SM_NENEX: nen=1, nex=0
          0| [ 78] | UT  | EXPECT     : (271), SM_STATE: nxtst=waiting
          0| [ 79] | UT  | EXPECT     : (272), SM_EVT_PROC:  
          0| [ 80] | UT  | EXPECT     : (790), SM_DCH: sig=E, st=s1
          0| [ 81] | UT  | EXPECT     : (791), SM_EVT_NFOUND: sig=E
          0| [ 82] | SM  | INIT       : ao=smTest, ist=waiting
          0| [ 83] | SM  | TRN        : ao=smTest, sst=waiting, tst=waiting
          0| [ 84] | SM  | TS_STATE   : ao=smTest, st=waiting
          0| [ 85] | SM  | ENSTATE    : ao=smTest, st=waiting
          0| [ 86] | SM  | NENEX      : ao=smTest, nen=1, nex=0
          0| [ 87] | SM  | STATE      : ao=smTest, nxtst=waiting
          0| [ 88] | SM  | EVT_PROC   : ao=smTest
          0| [ 89] | SM  | DCH        : ao=smTest, sig=E, st=s1
          0| [ 90] | SM  | EVT_NFOUND : ao=smTest, sig=E
          0| [ 91] | UT  | VERIFY     : (783)
          0| [ 92] | UT  | CLEANUP    : (783)
          0| [ 93] | FWK | SIG        : sig=0, nm=A
          0| [ 94] | FWK | SIG        : sig=1, nm=B
          0| [ 95] | FWK | SIG        : sig=2, nm=C
          0| [ 96] | FWK | SIG        : sig=3, nm=D
          0| [ 97] | FWK | SIG        : sig=4, nm=E
          0| [ 98] | FWK | SIG        : sig=5, nm=F
          0| [ 99] | FWK | AO         : obj=0x0064A400, nm=smTest
          0| [100] | FWK | STATE      : ao=smTest, obj=0x00436F80, nm=waiting
          0| [101] | FWK | STATE      : ao=smTest, obj=0x00437020, nm=s0
          0| [102] | FWK | STATE      : ao=smTest, obj=0x00437160, nm=s1
          0| [103] | FWK | STATE      : ao=smTest, obj=0x00437320, nm=s2
          0| [104] | FWK | STATE      : ao=smTest, obj=0x00437440, nm=s21
          0| [105] | FWK | STATE      : ao=smTest, obj=0x004375E0, nm=s22
          0| [106] | FWK | STATE      : ao=smTest, obj=0x004377A0, nm=s221
          0| [107] | FWK | STATE      : ao=smTest, obj=0x00437840, nm=s2211
          0| [108] | FWK | STATE      : ao=smTest, obj=0x004378C0, nm=s222
          0| [109] | FWK | STATE      : ao=smTest, obj=0x00437960, nm=s2221
          0| [110] | FWK | STATE      : ao=smTest, obj=0x00437A00, nm=s22211
          0| [111] | FWK | STATE      : ao=smTest, obj=0x00437B40, nm=s3
          0| [112] | FWK | STATE      : ao=smTest, obj=0x00437C60, nm=s31
          0| [113] | FWK | STATE      : ao=smTest, obj=0x00437D00, nm=s4
          0| [114] | FWK | STATE      : ao=smTest, obj=0x00437E40, nm=s5
          0| [115] | FWK | STATE      : ao=smTest, obj=0x00437280, nm=s2Final
          0| [116] | UT  | EXPECT     : (262), SM_INIT: ist=waiting
          0| [117] | UT  | EXPECT     : (264), SM_TRN: sst=waiting, tst=waiting
          0| [118] | UT  | EXPECT     : (265), SM_TS_STATE: st=waiting
          0| [119] | UT  | EXPECT     : (266), SM_ENSTATE: st=waiting
          0| [120] | UT  | EXPECT     : (269), SM_NENEX: nen=1, nex=0
          0| [121] | UT  | EXPECT     : (271), SM_STATE: nxtst=waiting
          0| [122] | UT  | EXPECT     : (272), SM_EVT_PROC:  
          0| [123] | UT  | EXPECT     : (807), SM_GRD_FALSE:  
          0| [124] | UT  | EXPECT     : (808), SM_DCH: sig=C, st=s1
          0| [125] | UT  | EXPECT     : (809), SM_EVT_NFOUND: sig=C
          0| [126] | SM  | INIT       : ao=smTest, ist=waiting
          0| [127] | SM  | TRN        : ao=smTest, sst=waiting, tst=waiting
          0| [128] | SM  | TS_STATE   : ao=smTest, st=waiting
          0| [129] | SM  | ENSTATE    : ao=smTest, st=waiting
          0| [130] | SM  | NENEX      : ao=smTest, nen=1, nex=0
          0| [131] | SM  | STATE      : ao=smTest, nxtst=waiting
          0| [132] | SM  | EVT_PROC   : ao=smTest
          0| [133] | SM  | GRD_FALSE  : ao=smTest
          0| [134] | SM  | DCH        : ao=smTest, sig=C, st=s1
          0| [135] | SM  | EVT_NFOUND : ao=smTest, sig=C
          0| [136] | UT  | VERIFY     : (802)
          0| [137] | UT  | CLEANUP    : (802)
          0| [138] | FWK | SIG        : sig=0, nm=A
          0| [139] | FWK | SIG        : sig=1, nm=B
          0| [140] | FWK | SIG        : sig=2, nm=C
          0| [141] | FWK | SIG        : sig=3, nm=D
          0| [142] | FWK | SIG        : sig=4, nm=E
          0| [143] | FWK | SIG        : sig=5, nm=F
          0| [144] | FWK | AO         : obj=0x0064A400, nm=smTest
          0| [145] | FWK | STATE      : ao=smTest, obj=0x00436F80, nm=waiting
          0| [146] | FWK | STATE      : ao=smTest, obj=0x00437020, nm=s0
          0| [147] | FWK | STATE      : ao=smTest, obj=0x00437160, nm=s1
          0| [148] | FWK | STATE      : ao=smTest, obj=0x00437320, nm=s2
          0| [149] | FWK | STATE      : ao=smTest, obj=0x00437440, nm=s21
          0| [150] | FWK | STATE      : ao=smTest, obj=0x004375E0, nm=s22
          0| [151] | FWK | STATE      : ao=smTest, obj=0x004377A0, nm=s221
          0| [152] | FWK | STATE      : ao=smTest, obj=0x00437840, nm=s2211
          0| [153] | FWK | STATE      : ao=smTest, obj=0x004378C0, nm=s222
          0| [154] | FWK | STATE      : ao=smTest, obj=0x00437960, nm=s2221
          0| [155] | FWK | STATE      : ao=smTest, obj=0x00437A00, nm=s22211
          0| [156] | FWK | STATE      : ao=smTest, obj=0x00437B40, nm=s3
          0| [157] | FWK | STATE      : ao=smTest, obj=0x00437C60, nm=s31
          0| [158] | FWK | STATE      : ao=smTest, obj=0x00437D00, nm=s4
          0| [159] | FWK | STATE      : ao=smTest, obj=0x00437E40, nm=s5
          0| [160] | FWK | STATE      : ao=smTest, obj=0x00437280, nm=s2Final
          0| [161] | UT  | EXPECT     : (262), SM_INIT: ist=waiting
          0| [162] | UT  | EXPECT     : (264), SM_TRN: sst=waiting, tst=waiting
          0| [163] | UT  | EXPECT     : (265), SM_TS_STATE: st=waiting
          0| [164] | UT  | EXPECT     : (266), SM_ENSTATE: st=waiting
          0| [165] | UT  | EXPECT     : (269), SM_NENEX: nen=1, nex=0
          0| [166] | UT  | EXPECT     : (271), SM_STATE: nxtst=waiting
          0| [167] | UT  | EXPECT     : (272), SM_EVT_PROC:  
          0| [168] | UT  | EXPECT     : (830), SM_DCH: sig=E, st=s0
          0| [169] | UT  | EXPECT     : (831), SM_TRN: sst=s0, tst=s22211
          0| [170] | UT  | EXPECT     : (832), SM_TS_STATE: st=s22211
          0| [171] | UT  | EXPECT     : (833), SM_EX_HLEVEL:  
          0| [172] | SM  | INIT       : ao=smTest, ist=waiting
          0| [173] | SM  | TRN        : ao=smTest, sst=waiting, tst=waiting
          0| [174] | SM  | TS_STATE   : ao=smTest, st=waiting
          0| [175] | SM  | ENSTATE    : ao=smTest, st=waiting
          0| [176] | SM  | NENEX      : ao=smTest, nen=1, nex=0
          0| [177] | SM  | STATE      : ao=smTest, nxtst=waiting
          0| [178] | SM  | EVT_PROC   : ao=smTest
          0| [179] | SM  | DCH        : ao=smTest, sig=E, st=s0
          0| [180] | SM  | TRN        : ao=smTest, sst=s0, tst=s22211
          0| [181] | SM  | TS_STATE   : ao=smTest, st=s22211
          0| [182] | SM  | EX_HLEVEL  : ao=smTest
          0| [183] | UT  | VERIFY     : (824)
          0| [184] | UT  | CLEANUP    : (824)
          0| [185] | FWK | SIG        : sig=0, nm=A
          0| [186] | FWK | SIG        : sig=1, nm=B
          0| [187] | FWK | SIG        : sig=2, nm=C
          0| [188] | FWK | SIG        : sig=3, nm=D
          0| [189] | FWK | SIG        : sig=4, nm=E
          0| [190] | FWK | SIG        : sig=5, nm=F
          0| [191] | FWK | AO         : obj=0x0064A400, nm=smTest
          0| [192] | FWK | STATE      : ao=smTest, obj=0x00436F80, nm=waiting
          0| [193] | FWK | STATE      : ao=smTest, obj=0x00437020, nm=s0
          0| [194] | FWK | STATE      : ao=smTest, obj=0x00437160, nm=s1
          0| [195] | FWK | STATE      : ao=smTest, obj=0x00437320, nm=s2
          0| [196] | FWK | STATE      : ao=smTest, obj=0x00437440, nm=s21
          0| [197] | FWK | STATE      : ao=smTest, obj=0x004375E0, nm=s22
          0| [198] | FWK | STATE      : ao=smTest, obj=0x004377A0, nm=s221
          0| [199] | FWK | STATE      : ao=smTest, obj=0x00437840, nm=s2211
          0| [200] | FWK | STATE      : ao=smTest, obj=0x004378C0, nm=s222
          0| [201] | FWK | STATE      : ao=smTest, obj=0x00437960, nm=s2221
          0| [202] | FWK | STATE      : ao=smTest, obj=0x00437A00, nm=s22211
          0| [203] | FWK | STATE      : ao=smTest, obj=0x00437B40, nm=s3
          0| [204] | FWK | STATE      : ao=smTest, obj=0x00437C60, nm=s31
          0| [205] | FWK | STATE      : ao=smTest, obj=0x00437D00, nm=s4
          0| [206] | FWK | STATE      : ao=smTest, obj=0x00437E40, nm=s5
          0| [207] | FWK | STATE      : ao=smTest, obj=0x00437280, nm=s2Final
          0| [208] | UT  | IGNORE     : (855), INIT
          0| [209] | UT  | IGNORE     : (856), TS_STATE
          0| [210] | UT  | IGNORE     : (857), NENEX
          0| [211] | UT  | IGNORE     : (858), STATE
          0| [212] | UT  | IGNORE     : (859), ENSTATE
          0| [213] | UT  | IGNORE     : (860), NTRNACT
          0| [214] | UT  | IGNORE     : (861), DCH
          0| [215] | UT  | IGNORE     : (862), TRN
          0| [216] | UT  | IGNORE     : (863), EVT_PROC
          0| [217] | UT  | EXPECT     : (864), SM_GRD_FALSE:  
          0| [218] | SM  | INIT       : ao=smTest, ist=waiting
          0| [219] | SM  | TRN        : ao=smTest, sst=waiting, tst=waiting
          0| [220] | SM  | TS_STATE   : ao=smTest, st=waiting
          0| [221] | SM  | ENSTATE    : ao=smTest, st=waiting
          0| [222] | SM  | NENEX      : ao=smTest, nen=1, nex=0
          0| [223] | SM  | STATE      : ao=smTest, nxtst=waiting
          0| [224] | SM  | EVT_PROC   : ao=smTest
          0| [225] | SM  | GRD_FALSE  : ao=smTest
          0| [226] | SM  | DCH        : ao=smTest, sig=A, st=s4
          0| [227] | SM  | TRN        : ao=smTest, sst=s4, tst=s4
          0| [228] | SM  | EVT_PROC   : ao=smTest
          0| [229] | UT  | VERIFY     : (847)
          0| [230] | UT  | CLEANUP    : (847)
          0| [231] | FWK | SIG        : sig=0, nm=A
          0| [232] | FWK | SIG        : sig=1, nm=B
          0| [233] | FWK | SIG        : sig=2, nm=C
          0| [234] | FWK | SIG        : sig=3, nm=D
          0| [235] | FWK | SIG        : sig=4, nm=E
          0| [236] | FWK | SIG        : sig=5, nm=F
          0| [237] | FWK | AO         : obj=0x0064A400, nm=smTest
          0| [238] | FWK | STATE      : ao=smTest, obj=0x00436F80, nm=waiting
          0| [239] | FWK | STATE      : ao=smTest, obj=0x00437020, nm=s0
          0| [240] | FWK | STATE      : ao=smTest, obj=0x00437160, nm=s1
          0| [241] | FWK | STATE      : ao=smTest, obj=0x00437320, nm=s2
          0| [242] | FWK | STATE      : ao=smTest, obj=0x00437440, nm=s21
          0| [243] | FWK | STATE      : ao=smTest, obj=0x004375E0, nm=s22
          0| [244] | FWK | STATE      : ao=smTest, obj=0x004377A0, nm=s221
          0| [245] | FWK | STATE      : ao=smTest, obj=0x00437840, nm=s2211
          0| [246] | FWK | STATE      : ao=smTest, obj=0x004378C0, nm=s222
          0| [247] | FWK | STATE      : ao=smTest, obj=0x00437960, nm=s2221
          0| [248] | FWK | STATE      : ao=smTest, obj=0x00437A00, nm=s22211
          0| [249] | FWK | STATE      : ao=smTest, obj=0x00437B40, nm=s3
          0| [250] | FWK | STATE      : ao=smTest, obj=0x00437C60, nm=s31
          0| [251] | FWK | STATE      : ao=smTest, obj=0x00437D00, nm=s4
          0| [252] | FWK | STATE      : ao=smTest, obj=0x00437E40, nm=s5
          0| [253] | FWK | STATE      : ao=smTest, obj=0x00437280, nm=s2Final
          0| [254] | UT  | IGNORE     : (883), INIT
          0| [255] | UT  | IGNORE     : (884), NENEX
          0| [  0] | UT  | IGNORE     : (885), STATE
          0| [  1] | UT  | IGNORE     : (886), ENSTATE
          0| [  2] | UT  | IGNORE     : (887), EXSTATE
          0| [  3] | UT  | IGNORE     : (888), NTRNACT
          0| [  4] | UT  | IGNORE     : (889), EVT_PROC
          0| [  5] | UT  | IGNORE     : (890), TRN
          0| [  6] | UT  | IGNORE     : (891), NENEX
          0| [  7] | UT  | IGNORE     : (892), STATE
          0| [  8] | UT  | IGNORE     : (893), DCH
          0| [  9] | UT  | EXPECT     : (894), SM_TS_STATE: st=waiting
          0| [ 10] | UT  | EXPECT     : (895), SM_GRD_FALSE:  
          0| [ 11] | UT  | EXPECT     : (896), SM_GRD_FALSE:  
          0| [ 12] | UT  | EXPECT     : (897), SM_TS_STATE: st=s4
          0| [ 13] | SM  | INIT       : ao=smTest, ist=waiting
          0| [ 14] | SM  | TRN        : ao=smTest, sst=waiting, tst=waiting
          0| [ 15] | SM  | TS_STATE   : ao=smTest, st=waiting
          0| [ 16] | SM  | ENSTATE    : ao=smTest, st=waiting
          0| [ 17] | SM  | NENEX      : ao=smTest, nen=1, nex=0
          0| [ 18] | SM  | STATE      : ao=smTest, nxtst=waiting
          0| [ 19] | SM  | EVT_PROC   : ao=smTest
          0| [ 20] | SM  | GRD_FALSE  : ao=smTest
          0| [ 21] | SM  | GRD_FALSE  : ao=smTest
          0| [ 22] | SM  | DCH        : ao=smTest, sig=B, st=s4
          0| [ 23] | SM  | TRN        : ao=smTest, sst=s4, tst=s4
          0| [ 24] | SM  | TS_STATE   : ao=smTest, st=s4
          0| [ 25] | SM  | EXSTATE    : ao=smTest, st=s4
          0| [ 26] | SM  | ENSTATE    : ao=smTest, st=s4
          0| [ 27] | SM  | NENEX      : ao=smTest, nen=1, nex=1
          0| [ 28] | SM  | STATE      : ao=smTest, nxtst=s4
          0| [ 29] | SM  | EVT_PROC   : ao=smTest
          0| [ 30] | UT  | VERIFY     : (875)
          0| [ 31] | UT  | CLEANUP    : (875)
          0| [ 32] | FWK | SIG        : sig=0, nm=A
          0| [ 33] | FWK | SIG        : sig=1, nm=B
          0| [ 34] | FWK | SIG        : sig=2, nm=C
          0| [ 35] | FWK | SIG        : sig=3, nm=D
          0| [ 36] | FWK | SIG        : sig=4, nm=E
          0| [ 37] | FWK | SIG        : sig=5, nm=F
          0| [ 38] | FWK | AO         : obj=0x0064A400, nm=smTest
          0| [ 39] | FWK | STATE      : ao=smTest, obj=0x00436F80, nm=waiting
          0| [ 40] | FWK | STATE      : ao=smTest, obj=0x00437020, nm=s0
          0| [ 41] | FWK | STATE      : ao=smTest, obj=0x00437160, nm=s1
          0| [ 42] | FWK | STATE      : ao=smTest, obj=0x00437320, nm=s2
          0| [ 43] | FWK | STATE      : ao=smTest, obj=0x00437440, nm=s21
          0| [ 44] | FWK | STATE      : ao=smTest, obj=0x004375E0, nm=s22
          0| [ 45] | FWK | STATE      : ao=smTest, obj=0x004377A0, nm=s221
          0| [ 46] | FWK | STATE      : ao=smTest, obj=0x00437840, nm=s2211
          0| [ 47] | FWK | STATE      : ao=smTest, obj=0x004378C0, nm=s222
          0| [ 48] | FWK | STATE      : ao=smTest, obj=0x00437960, nm=s2221
          0| [ 49] | FWK | STATE      : ao=smTest, obj=0x00437A00, nm=s22211
          0| [ 50] | FWK | STATE      : ao=smTest, obj=0x00437B40, nm=s3
          0| [ 51] | FWK | STATE      : ao=smTest, obj=0x00437C60, nm=s31
          0| [ 52] | FWK | STATE      : ao=smTest, obj=0x00437D00, nm=s4
          0| [ 53] | FWK | STATE      : ao=smTest, obj=0x00437E40, nm=s5
          0| [ 54] | FWK | STATE      : ao=smTest, obj=0x00437280, nm=s2Final
          0| [ 55] | UT  | EXPECT     : (262), SM_INIT: ist=waiting
          0| [ 56] | UT  | EXPECT     : (264), SM_TRN: sst=waiting, tst=waiting
          0| [ 57] | UT  | EXPECT     : (265), SM_TS_STATE: st=waiting
          0| [ 58] | UT  | EXPECT     : (266), SM_ENSTATE: st=waiting
          0| [ 59] | UT  | EXPECT     : (269), SM_NENEX: nen=1, nex=0
          0| [ 60] | UT  | EXPECT     : (271), SM_STATE: nxtst=waiting
          0| [ 61] | UT  | EXPECT     : (272), SM_EVT_PROC:  
          0| [ 62] | UT  | EXPECT     : (926), SM_DCH: sig=F, st=s0
          0| [ 63] | UT  | EXPECT     : (927), SM_TRN: sst=s0, tst=s3
          0| [ 64] | UT  | EXPECT     : (928), SM_TS_STATE: st=s3
          0| [ 65] | UT  | EXPECT     : (929), SM_EXSTATE: st=s0
          0| [ 66] | UT  | EXPECT     : (930), SM_ENSTATE: st=s3
          0| [ 67] | UT  | EXPECT     : (931), SM_TS_STATE: st=s31
          0| [ 68] | UT  | EXPECT     : (932), SM_ENSTATE: st=s31
          0| [ 69] | UT  | EXPECT     : (933), SM_NENEX: nen=2, nex=1
          0| [ 70] | UT  | EXPECT     : (934), SM_STATE: nxtst=s31
          0| [ 71] | UT  | EXPECT     : (935), SM_EVT_PROC:  
          0| [ 72] | SM  | INIT       : ao=smTest, ist=waiting
          0| [ 73] | SM  | TRN        : ao=smTest, sst=waiting, tst=waiting
          0| [ 74] | SM  | TS_STATE   : ao=smTest, st=waiting
          0| [ 75] | SM  | ENSTATE    : ao=smTest, st=waiting
          0| [ 76] | SM  | NENEX      : ao=smTest, nen=1, nex=0
          0| [ 77] | SM  | STATE      : ao=smTest, nxtst=waiting
          0| [ 78] | SM  | EVT_PROC   : ao=smTest
          0| [ 79] | SM  | DCH        : ao=smTest, sig=F, st=s0
          0| [ 80] | SM  | TRN        : ao=smTest, sst=s0, tst=s3
          0| [ 81] | SM  | TS_STATE   : ao=smTest, st=s3
          0| [ 82] | SM  | EXSTATE    : ao=smTest, st=s0
          0| [ 83] | SM  | ENSTATE    : ao=smTest, st=s3
          0| [ 84] | SM  | TS_STATE   : ao=smTest, st=s31
          0| [ 85] | SM  | ENSTATE    : ao=smTest, st=s31
          0| [ 86] | SM  | NENEX      : ao=smTest, nen=2, nex=1
          0| [ 87] | SM  | STATE      : ao=smTest, nxtst=s31
          0| [ 88] | SM  | EVT_PROC   : ao=smTest
          0| [ 89] | UT  | VERIFY     : (908)
          0| [ 90] | UT  | CLEANUP    : (908)
          0| [ 91] | FWK | SIG        : sig=0, nm=A
          0| [ 92] | FWK | SIG        : sig=1, nm=B
          0| [ 93] | FWK | SIG        : sig=2, nm=C
          0| [ 94] | FWK | SIG        : sig=3, nm=D
          0| [ 95] | FWK | SIG        : sig=4, nm=E
          0| [ 96] | FWK | SIG        : sig=5, nm=F
          0| [ 97] | FWK | AO         : obj=0x0064A400, nm=smTest
          0| [ 98] | FWK | STATE      : ao=smTest, obj=0x00436F80, nm=waiting
          0| [ 99] | FWK | STATE      : ao=smTest, obj=0x00437020, nm=s0
          0| [100] | FWK | STATE      : ao=smTest, obj=0x00437160, nm=s1
          0| [101] | FWK | STATE      : ao=smTest, obj=0x00437320, nm=s2
          0| [102] | FWK | STATE      : ao=smTest, obj=0x00437440, nm=s21
          0| [103] | FWK | STATE      : ao=smTest, obj=0x004375E0, nm=s22
          0| [104] | FWK | STATE      : ao=smTest, obj=0x004377A0, nm=s221
          0| [105] | FWK | STATE      : ao=smTest, obj=0x00437840, nm=s2211
          0| [106] | FWK | STATE      : ao=smTest, obj=0x004378C0, nm=s222
          0| [107] | FWK | STATE      : ao=smTest, obj=0x00437960, nm=s2221
          0| [108] | FWK | STATE      : ao=smTest, obj=0x00437A00, nm=s22211
          0| [109] | FWK | STATE      : ao=smTest, obj=0x00437B40, nm=s3
          0| [110] | FWK | STATE      : ao=smTest, obj=0x00437C60, nm=s31
          0| [111] | FWK | STATE      : ao=smTest, obj=0x00437D00, nm=s4
          0| [112] | FWK | STATE      : ao=smTest, obj=0x00437E40, nm=s5
          0| [113] | FWK | STATE      : ao=smTest, obj=0x00437280, nm=s2Final
          0| [114] | UT  | EXPECT     : (262), SM_INIT: ist=waiting
          0| [115] | UT  | EXPECT     : (264), SM_TRN: sst=waiting, tst=waiting
          0| [116] | UT  | EXPECT     : (265), SM_TS_STATE: st=waiting
          0| [117] | UT  | EXPECT     : (266), SM_ENSTATE: st=waiting
          0| [118] | UT  | EXPECT     : (269), SM_NENEX: nen=1, nex=0
          0| [119] | UT  | EXPECT     : (271), SM_STATE: nxtst=waiting
          0| [120] | UT  | EXPECT     : (272), SM_EVT_PROC:  
          0| [121] | UT  | EXPECT     : (141), SM_DCH: sig=E, st=s21
          0| [122] | UT  | EXPECT     : (143), SM_TRN: sst=s2, tst=s5
          0| [123] | UT  | EXPECT     : (84), SM_TS_STATE: st=s5
          0| [124] | UT  | EXPECT     : (87), SM_EXSTATE: st=s21
          0| [125] | UT  | EXPECT     : (87), SM_EXSTATE: st=s2
          0| [126] | UT  | EXPECT     : (90), SM_ENSTATE: st=s5
          0| [127] | UT  | EXPECT     : (161), SM_NENEX: nen=1, nex=2
          0| [128] | UT  | EXPECT     : (163), SM_STATE: nxtst=s5
          0| [129] | UT  | EXPECT     : (165), SM_EVT_PROC:  
          0| [130] | SM  | INIT       : ao=smTest, ist=waiting
          0| [131] | SM  | TRN        : ao=smTest, sst=waiting, tst=waiting
          0| [132] | SM  | TS_STATE   : ao=smTest, st=waiting
          0| [133] | SM  | ENSTATE    : ao=smTest, st=waiting
          0| [134] | SM  | NENEX      : ao=smTest, nen=1, nex=0
          0| [135] | SM  | STATE      : ao=smTest, nxtst=waiting
          0| [136] | SM  | EVT_PROC   : ao=smTest
          0| [137] | UT  | EXPECT     : (141), SM_DCH: sig=0XFE, st=s5
          0| [138] | UT  | EXPECT     : (143), SM_TRN: sst=s5, tst=s4
          0| [139] | UT  | EXPECT     : (84), SM_TS_STATE: st=s4
          0| [140] | UT  | EXPECT     : (87), SM_EXSTATE: st=s5
          0| [141] | UT  | EXPECT     : (90), SM_ENSTATE: st=s4
          0| [142] | UT  | EXPECT     : (161), SM_NENEX: nen=1, nex=1
          0| [143] | UT  | EXPECT     : (163), SM_STATE: nxtst=s4
          0| [144] | UT  | EXPECT     : (165), SM_EVT_PROC:  
          0| [145] | SM  | DCH        : ao=smTest, sig=E, st=s21
          0| [146] | SM  | TRN        : ao=smTest, sst=s2, tst=s5
          0| [147] | SM  | TS_STATE   : ao=smTest, st=s5
          0| [148] | SM  | EXSTATE    : ao=smTest, st=s21
          0| [149] | SM  | EXSTATE    : ao=smTest, st=s2
          0| [150] | SM  | ENSTATE    : ao=smTest, st=s5
          0| [151] | SM  | NENEX      : ao=smTest, nen=1, nex=2
          0| [152] | SM  | STATE      : ao=smTest, nxtst=s5
          0| [153] | SM  | EVT_PROC   : ao=smTest
          0| [154] | SM  | DCH        : ao=smTest, sig=0XFE, st=s5
          0| [155] | SM  | TRN        : ao=smTest, sst=s5, tst=s4
          0| [156] | SM  | TS_STATE   : ao=smTest, st=s4
          0| [157] | SM  | EXSTATE    : ao=smTest, st=s5
          0| [158] | SM  | ENSTATE    : ao=smTest, st=s4
          0| [159] | SM  | NENEX      : ao=smTest, nen=1, nex=1
          0| [160] | SM  | STATE      : ao=smTest, nxtst=s4
          0| [161] | SM  | EVT_PROC   : ao=smTest
          0| [162] | UT  | VERIFY     : (946)
          0| [163] | UT  | CLEANUP    : (946)
          0| [164] | FWK | SIG        : sig=0, nm=A
          0| [165] | FWK | SIG        : sig=1, nm=B
          0| [166] | FWK | SIG        : sig=2, nm=C
          0| [167] | FWK | SIG        : sig=3, nm=D
          0| [168] | FWK | SIG        : sig=4, nm=E
          0| [169] | FWK | SIG        : sig=5, nm=F
          0| [170] | FWK | AO         : obj=0x0064A400, nm=smTest
          0| [171] | FWK | STATE      : ao=smTest, obj=0x00436F80, nm=waiting
          0| [172] | FWK | STATE      : ao=smTest, obj=0x00437020, nm=s0
          0| [173] | FWK | STATE      : ao=smTest, obj=0x00437160, nm=s1
          0| [174] | FWK | STATE      : ao=smTest, obj=0x00437320, nm=s2
          0| [175] | FWK | STATE      : ao=smTest, obj=0x00437440, nm=s21
          0| [176] | FWK | STATE      : ao=smTest, obj=0x004375E0, nm=s22
          0| [177] | FWK | STATE      : ao=smTest, obj=0x004377A0, nm=s221
          0| [178] | FWK | STATE      : ao=smTest, obj=0x00437840, nm=s2211
          0| [179] | FWK | STATE      : ao=smTest, obj=0x004378C0, nm=s222
          0| [180] | FWK | STATE      : ao=smTest, obj=0x00437960, nm=s2221
          0| [181] | FWK | STATE      : ao=smTest, obj=0x00437A00, nm=s22211
          0| [182] | FWK | STATE      : ao=smTest, obj=0x00437B40, nm=s3
          0| [183] | FWK | STATE      : ao=smTest, obj=0x00437C60, nm=s31
          0| [184] | FWK | STATE      : ao=smTest, obj=0x00437D00, nm=s4
          0| [185] | FWK | STATE      : ao=smTest, obj=0x00437E40, nm=s5
          0| [186] | FWK | STATE      : ao=smTest, obj=0x00437280, nm=s2Final
          0| [187] | UT  | EXPECT     : (262), SM_INIT: ist=waiting
          0| [188] | UT  | EXPECT     : (264), SM_TRN: sst=waiting, tst=waiting
          0| [189] | UT  | EXPECT     : (265), SM_TS_STATE: st=waiting
          0| [190] | UT  | EXPECT     : (266), SM_ENSTATE: st=waiting
          0| [191] | UT  | EXPECT     : (269), SM_NENEX: nen=1, nex=0
          0| [192] | UT  | EXPECT     : (271), SM_STATE: nxtst=waiting
          0| [193] | UT  | EXPECT     : (272), SM_EVT_PROC:  
          0| [194] | UT  | EXPECT     : (141), SM_DCH: sig=F, st=s21
          0| [195] | UT  | EXPECT     : (143), SM_TRN: sst=s21, tst=s2Final
          0| [196] | UT  | EXPECT     : (84), SM_TS_STATE: st=s2Final
          0| [197] | UT  | EXPECT     : (87), SM_EXSTATE: st=s21
          0| [198] | UT  | EXPECT     : (90), SM_ENSTATE: st=s2Final
          0| [199] | UT  | EXPECT     : (161), SM_NENEX: nen=1, nex=1
          0| [200] | UT  | EXPECT     : (163), SM_STATE: nxtst=s2Final
          0| [201] | UT  | EXPECT     : (165), SM_EVT_PROC:  
          0| [202] | SM  | INIT       : ao=smTest, ist=waiting
          0| [203] | SM  | TRN        : ao=smTest, sst=waiting, tst=waiting
          0| [204] | SM  | TS_STATE   : ao=smTest, st=waiting
          0| [205] | SM  | ENSTATE    : ao=smTest, st=waiting
          0| [206] | SM  | NENEX      : ao=smTest, nen=1, nex=0
          0| [207] | SM  | STATE      : ao=smTest, nxtst=waiting
          0| [208] | SM  | EVT_PROC   : ao=smTest
          0| [209] | UT  | EXPECT     : (141), SM_DCH: sig=0XFE, st=s2Final
          0| [210] | UT  | EXPECT     : (143), SM_TRN: sst=s2, tst=s4
          0| [211] | UT  | EXPECT     : (84), SM_TS_STATE: st=s4
          0| [212] | UT  | EXPECT     : (87), SM_EXSTATE: st=s2Final
          0| [213] | UT  | EXPECT     : (87), SM_EXSTATE: st=s2
          0| [214] | UT  | EXPECT     : (90), SM_ENSTATE: st=s4
          0| [215] | UT  | EXPECT     : (161), SM_NENEX: nen=1, nex=2
          0| [216] | UT  | EXPECT     : (163), SM_STATE: nxtst=s4
          0| [217] | UT  | EXPECT     : (165), SM_EVT_PROC:  
          0| [218] | SM  | DCH        : ao=smTest, sig=F, st=s21
          0| [219] | SM  | TRN        : ao=smTest, sst=s21, tst=s2Final
          0| [220] | SM  | TS_STATE   : ao=smTest, st=s2Final
          0| [221] | SM  | EXSTATE    : ao=smTest, st=s21
          0| [222] | SM  | ENSTATE    : ao=smTest, st=s2Final
          0| [223] | SM  | NENEX      : ao=smTest, nen=1, nex=1
          0| [224] | SM  | STATE      : ao=smTest, nxtst=s2Final
          0| [225] | SM  | EVT_PROC   : ao=smTest
          0| [226] | SM  | DCH        : ao=smTest, sig=0XFE, st=s2Final
          0| [227] | SM  | TRN        : ao=smTest, sst=s2, tst=s4
          0| [228] | SM  | TS_STATE   : ao=smTest, st=s4
          0| [229] | SM  | EXSTATE    : ao=smTest, st=s2Final
          0| [230] | SM  | EXSTATE    : ao=smTest, st=s2
          0| [231] | SM  | ENSTATE    : ao=smTest, st=s4
          0| [232] | SM  | NENEX      : ao=smTest, nen=1, nex=2
          0| [233] | SM  | STATE      : ao=smTest, nxtst=s4
          0| [234] | SM  | EVT_PROC   : ao=smTest
          0| [235] | UT  | VERIFY     : (988)
          0| [236] | UT  | CLEANUP    : (988)
